Watching for file changes with StatReloader
Waiting for apps ready_event.
Apps ready_event triggered. Sending autoreload_started signal.
Watching dir /home/student/Desktop/moduleHub/ModuleHub/users/templates with glob **/*.
Watching dir /home/student/Desktop/moduleHub/ModuleHub/venv/lib/python3.10/site-packages/rest_framework/templates with glob **/*.
Watching dir /home/student/Desktop/moduleHub/ModuleHub/templates with glob **/*.
Watching dir /home/student/Desktop/moduleHub/ModuleHub/modules/templates with glob **/*.
Watching dir /home/student/Desktop/moduleHub/ModuleHub/venv/lib/python3.10/site-packages/crispy_bootstrap4/templates with glob **/*.
Watching dir /home/student/Desktop/moduleHub/ModuleHub/core/templates with glob **/*.
Watching dir /home/student/Desktop/moduleHub/ModuleHub/locale with glob **/*.mo.
Watching dir /home/student/Desktop/moduleHub/ModuleHub/core/locale with glob **/*.mo.
Watching dir /home/student/Desktop/moduleHub/ModuleHub/users/locale with glob **/*.mo.
Watching dir /home/student/Desktop/moduleHub/ModuleHub/venv/lib/python3.10/site-packages/crispy_forms/locale with glob **/*.mo.
Watching dir /home/student/Desktop/moduleHub/ModuleHub/venv/lib/python3.10/site-packages/crispy_bootstrap4/locale with glob **/*.mo.
Watching dir /home/student/Desktop/moduleHub/ModuleHub/venv/lib/python3.10/site-packages/corsheaders/locale with glob **/*.mo.
Watching dir /home/student/Desktop/moduleHub/ModuleHub/venv/lib/python3.10/site-packages/storages/locale with glob **/*.mo.
Watching dir /home/student/Desktop/moduleHub/ModuleHub/venv/lib/python3.10/site-packages/rest_framework/locale with glob **/*.mo.
Watching dir /home/student/Desktop/moduleHub/ModuleHub/modules/locale with glob **/*.mo.
File /home/student/Desktop/moduleHub/ModuleHub/core/admin.py first seen with mtime 1756114259.4747546
File /home/student/Desktop/moduleHub/ModuleHub/venv/lib/python3.10/site-packages/idna/package_data.py first seen with mtime 1756114603.350006
File /usr/lib/python3.10/importlib/_common.py first seen with mtime 1748365949.0
File /home/student/Desktop/moduleHub/ModuleHub/venv/lib/python3.10/site-packages/django/views/static.py first seen with mtime 1756114604.4770405
File /usr/lib/python3.10/encodings/utf_8.py first seen with mtime 1748365949.0
File /home/student/Desktop/moduleHub/ModuleHub/venv/lib/python3.10/site-packages/corsheaders/conf.py first seen with mtime 1756114605.9420855
File /usr/lib/python3.10/_markupbase.py first seen with mtime 1748365949.0
File /home/student/Desktop/moduleHub/ModuleHub/venv/lib/python3.10/site-packages/django/views/decorators/__init__.py first seen with mtime 1756114604.4770405
File /usr/lib/python3.10/asyncio/threads.py first seen with mtime 1748365949.0
File /home/student/Desktop/moduleHub/ModuleHub/venv/lib/python3.10/site-packages/django/utils/asyncio.py first seen with mtime 1756114604.4660401
File /home/student/Desktop/moduleHub/ModuleHub/venv/lib/python3.10/site-packages/pymysql/constants/COMMAND.py first seen with mtime 1756114602.8449907
File /usr/lib/python3.10/asyncio/futures.py first seen with mtime 1748365949.0
File /home/student/Desktop/moduleHub/ModuleHub/venv/lib/python3.10/site-packages/django/core/mail/utils.py first seen with mtime 1756114604.3870378
File /home/student/Desktop/moduleHub/ModuleHub/venv/lib/python3.10/site-packages/django/http/cookie.py first seen with mtime 1756114604.4510398
File /home/student/Desktop/moduleHub/ModuleHub/venv/lib/python3.10/site-packages/django/views/decorators/csrf.py first seen with mtime 1756114604.4780405
File /home/student/Desktop/moduleHub/ModuleHub/venv/lib/python3.10/site-packages/django/db/migrations/migration.py first seen with mtime 1756114604.4140387
File /usr/lib/python3.10/queue.py first seen with mtime 1748365949.0
File /home/student/Desktop/moduleHub/ModuleHub/venv/lib/python3.10/site-packages/rest_framework/utils/mediatypes.py first seen with mtime 1756114605.7790804
File /home/student/Desktop/moduleHub/ModuleHub/venv/lib/python3.10/site-packages/django/core/files/uploadedfile.py first seen with mtime 1756114604.3840377
File /home/student/Desktop/moduleHub/ModuleHub/venv/lib/python3.10/site-packages/django/template/utils.py first seen with mtime 1756114604.45804
File /home/student/Desktop/moduleHub/ModuleHub/venv/lib/python3.10/site-packages/django/core/checks/security/sessions.py first seen with mtime 1756114604.3830376
File /home/student/Desktop/moduleHub/ModuleHub/venv/lib/python3.10/site-packages/django/contrib/messages/storage/__init__.py first seen with mtime 1756114604.1890316
File /usr/lib/python3.10/asyncio/queues.py first seen with mtime 1748365949.0
File /home/student/Desktop/moduleHub/ModuleHub/venv/lib/python3.10/site-packages/django/db/utils.py first seen with mtime 1756114604.3980381
File /home/student/Desktop/moduleHub/ModuleHub/venv/lib/python3.10/site-packages/cryptography/hazmat/primitives/asymmetric/dsa.py first seen with mtime 1756114605.5170724
File /usr/lib/python3.10/asyncio/__init__.py first seen with mtime 1748365949.0
File /home/student/Desktop/moduleHub/ModuleHub/venv/lib/python3.10/site-packages/django/db/backends/mysql/operations.py first seen with mtime 1756114604.4040382
File /home/student/Desktop/moduleHub/ModuleHub/venv/lib/python3.10/site-packages/django/utils/connection.py first seen with mtime 1756114604.46704
File /home/student/Desktop/moduleHub/ModuleHub/venv/lib/python3.10/site-packages/django/db/models/sql/subqueries.py first seen with mtime 1756114604.430039
File /home/student/Desktop/moduleHub/ModuleHub/venv/lib/python3.10/site-packages/sqlparse/engine/__init__.py first seen with mtime 1756114601.992965
File /home/student/Desktop/moduleHub/ModuleHub/venv/lib/python3.10/site-packages/sqlparse/engine/statement_splitter.py first seen with mtime 1756114601.993965
File /home/student/Desktop/moduleHub/ModuleHub/users/signals.py first seen with mtime 1756114259.556757
File /home/student/Desktop/moduleHub/ModuleHub/venv/lib/python3.10/site-packages/django/db/migrations/operations/special.py first seen with mtime 1756114604.4170387
File /home/student/Desktop/moduleHub/ModuleHub/venv/lib/python3.10/site-packages/requests/status_codes.py first seen with mtime 1756114603.47801
File /usr/lib/python3.10/asyncio/coroutines.py first seen with mtime 1748365949.0
File /home/student/Desktop/moduleHub/ModuleHub/venv/lib/python3.10/site-packages/django/contrib/admin/decorators.py first seen with mtime 1756114603.748018
File /home/student/Desktop/moduleHub/ModuleHub/venv/lib/python3.10/site-packages/django/contrib/contenttypes/forms.py first seen with mtime 1756114603.9940257
File /usr/lib/python3.10/wsgiref/headers.py first seen with mtime 1748365949.0
File /home/student/Desktop/moduleHub/ModuleHub/venv/lib/python3.10/site-packages/django/db/migrations/writer.py first seen with mtime 1756114604.4160385
File /home/student/Desktop/moduleHub/ModuleHub/venv/lib/python3.10/site-packages/django/db/migrations/graph.py first seen with mtime 1756114604.4130385
File /home/student/Desktop/moduleHub/ModuleHub/venv/lib/python3.10/site-packages/rest_framework/utils/json.py first seen with mtime 1756114605.7780805
File /usr/lib/python3.10/json/__init__.py first seen with mtime 1748365949.0
File /usr/lib/python3.10/lib-dynload/_decimal.cpython-310-x86_64-linux-gnu.so first seen with mtime 1748365949.0
File /home/student/Desktop/moduleHub/ModuleHub/venv/lib/python3.10/site-packages/sqlparse/filters/__init__.py first seen with mtime 1756114601.993965
File /home/student/Desktop/moduleHub/ModuleHub/venv/lib/python3.10/site-packages/django/db/__init__.py first seen with mtime 1756114604.3980381
File /usr/lib/python3.10/email/message.py first seen with mtime 1748365949.0
File /home/student/Desktop/moduleHub/ModuleHub/venv/lib/python3.10/site-packages/django/conf/global_settings.py first seen with mtime 1756114603.646015
File /home/student/Desktop/moduleHub/ModuleHub/venv/lib/python3.10/site-packages/django/conf/__init__.py first seen with mtime 1756114603.646015
File /home/student/Desktop/moduleHub/ModuleHub/venv/lib/python3.10/site-packages/django/conf/urls/static.py first seen with mtime 1756114603.747018
File /home/student/Desktop/moduleHub/ModuleHub/venv/lib/python3.10/site-packages/django/core/files/storage/handler.py first seen with mtime 1756114604.3850377
File /home/student/Desktop/moduleHub/ModuleHub/venv/lib/python3.10/site-packages/django/contrib/auth/views.py first seen with mtime 1756114603.9330237
File /home/student/Desktop/moduleHub/ModuleHub/venv/lib/python3.10/site-packages/requests/packages.py first seen with mtime 1756114603.47701
File /home/student/Desktop/moduleHub/ModuleHub/venv/lib/python3.10/site-packages/django/contrib/auth/admin.py first seen with mtime 1756114603.9290237
File /home/student/Desktop/moduleHub/ModuleHub/venv/lib/python3.10/site-packages/django/core/checks/messages.py first seen with mtime 1756114604.3810375
File /usr/lib/python3.10/wsgiref/handlers.py first seen with mtime 1748365949.0
File /usr/lib/python3.10/email/_policybase.py first seen with mtime 1748365949.0
File /home/student/Desktop/moduleHub/ModuleHub/venv/lib/python3.10/site-packages/rest_framework/settings.py first seen with mtime 1756114605.7220786
File /usr/lib/python3.10/datetime.py first seen with mtime 1748365949.0
File /home/student/Desktop/moduleHub/ModuleHub/venv/lib/python3.10/site-packages/urllib3/poolmanager.py first seen with mtime 1756114601.889962
File /home/student/Desktop/moduleHub/ModuleHub/venv/lib/python3.10/site-packages/asgiref/sync.py first seen with mtime 1756114603.583013
File /home/student/Desktop/moduleHub/ModuleHub/moduleHub/__init__.py first seen with mtime 1756114259.518756
File /home/student/Desktop/moduleHub/ModuleHub/venv/lib/python3.10/site-packages/rest_framework/renderers.py first seen with mtime 1756114605.7210786
File /home/student/Desktop/moduleHub/ModuleHub/venv/lib/python3.10/site-packages/django/db/models/fields/json.py first seen with mtime 1756114604.424039
File /usr/lib/python3.10/urllib/request.py first seen with mtime 1748365949.0
File /usr/lib/python3.10/difflib.py first seen with mtime 1748365949.0
File /home/student/Desktop/moduleHub/ModuleHub/venv/lib/python3.10/site-packages/whitenoise/__init__.py first seen with mtime 1756114601.8019593
File /home/student/Desktop/moduleHub/ModuleHub/venv/lib/python3.10/site-packages/urllib3/util/connection.py first seen with mtime 1756114601.892962
File /home/student/Desktop/moduleHub/ModuleHub/venv/lib/python3.10/site-packages/django/urls/converters.py first seen with mtime 1756114604.4650402
File /home/student/Desktop/moduleHub/ModuleHub/venv/lib/python3.10/site-packages/crispy_forms/bootstrap.py first seen with mtime 1756114605.9140847
File /usr/lib/python3.10/calendar.py first seen with mtime 1748365949.0
File /home/student/Desktop/moduleHub/ModuleHub/core/urls.py first seen with mtime 1756114259.487755
File /home/student/Desktop/moduleHub/ModuleHub/venv/lib/python3.10/site-packages/crispy_forms/templatetags/crispy_forms_tags.py first seen with mtime 1756114605.9160845
File /home/student/Desktop/moduleHub/ModuleHub/venv/lib/python3.10/site-packages/cryptography/hazmat/primitives/ciphers/base.py first seen with mtime 1756114605.5190725
File /usr/lib/python3.10/asyncio/runners.py first seen with mtime 1748365949.0
File /home/student/Desktop/moduleHub/ModuleHub/venv/lib/python3.10/site-packages/django/http/response.py first seen with mtime 1756114604.4520397
File /usr/lib/python3.10/stat.py first seen with mtime 1748365949.0
File /home/student/Desktop/moduleHub/ModuleHub/venv/lib/python3.10/site-packages/requests/sessions.py first seen with mtime 1756114603.47801
File /home/student/Desktop/moduleHub/ModuleHub/venv/lib/python3.10/site-packages/sqlparse/engine/grouping.py first seen with mtime 1756114601.993965
File /home/student/Desktop/moduleHub/ModuleHub/venv/lib/python3.10/site-packages/cryptography/hazmat/primitives/ciphers/modes.py first seen with mtime 1756114605.5190725
File /usr/lib/python3.10/platform.py first seen with mtime 1748365949.0
File /home/student/Desktop/moduleHub/ModuleHub/venv/lib/python3.10/site-packages/asgiref/__init__.py first seen with mtime 1756114603.5820131
File /home/student/Desktop/moduleHub/ModuleHub/venv/lib/python3.10/site-packages/django/middleware/security.py first seen with mtime 1756114604.4540398
File /home/student/Desktop/moduleHub/ModuleHub/users/models.py first seen with mtime 1756130363.684146
File /home/student/Desktop/moduleHub/ModuleHub/venv/lib/python3.10/site-packages/django/core/management/base.py first seen with mtime 1756114604.3890378
File /usr/lib/python3.10/copyreg.py first seen with mtime 1748365949.0
File /usr/lib/python3.10/http/__init__.py first seen with mtime 1748365949.0
File /home/student/Desktop/moduleHub/ModuleHub/venv/lib/python3.10/site-packages/sqlparse/formatter.py first seen with mtime 1756114601.9919648
File /home/student/Desktop/moduleHub/ModuleHub/venv/lib/python3.10/site-packages/django/urls/resolvers.py first seen with mtime 1756114604.4650402
File /home/student/Desktop/moduleHub/ModuleHub/venv/lib/python3.10/site-packages/django/db/models/fields/related.py first seen with mtime 1756114604.4250388
File /home/student/Desktop/moduleHub/ModuleHub/venv/lib/python3.10/site-packages/django/utils/tree.py first seen with mtime 1756114604.4740405
File /home/student/Desktop/moduleHub/ModuleHub/venv/lib/python3.10/site-packages/idna/intranges.py first seen with mtime 1756114603.350006
File /usr/lib/python3.10/wsgiref/util.py first seen with mtime 1748365949.0
File /usr/lib/python3.10/concurrent/__init__.py first seen with mtime 1748365949.0
File /home/student/Desktop/moduleHub/ModuleHub/venv/lib/python3.10/site-packages/cryptography/hazmat/primitives/serialization/ssh.py first seen with mtime 1756114605.5210724
File /home/student/Desktop/moduleHub/ModuleHub/venv/lib/python3.10/site-packages/django/core/checks/compatibility/django_4_0.py first seen with mtime 1756114604.3830376
File /home/student/Desktop/moduleHub/ModuleHub/venv/lib/python3.10/site-packages/urllib3/util/ssl_.py first seen with mtime 1756114601.893962
File /home/student/Desktop/moduleHub/ModuleHub/venv/lib/python3.10/site-packages/django/db/models/manager.py first seen with mtime 1756114604.4200387
File /home/student/Desktop/moduleHub/ModuleHub/venv/lib/python3.10/site-packages/django/core/management/sql.py first seen with mtime 1756114604.3900378
File /usr/lib/python3.10/lib-dynload/termios.cpython-310-x86_64-linux-gnu.so first seen with mtime 1748365949.0
File /home/student/Desktop/moduleHub/ModuleHub/venv/lib/python3.10/site-packages/pymysql/constants/__init__.py first seen with mtime 1756114602.845991
File /usr/lib/python3.10/email/policy.py first seen with mtime 1748365949.0
File /home/student/Desktop/moduleHub/ModuleHub/venv/lib/python3.10/site-packages/django/contrib/admin/checks.py first seen with mtime 1756114603.748018
File /home/student/Desktop/moduleHub/ModuleHub/venv/lib/python3.10/site-packages/django/db/migrations/utils.py first seen with mtime 1756114604.4150386
File /home/student/Desktop/moduleHub/ModuleHub/venv/lib/python3.10/site-packages/django/db/migrations/state.py first seen with mtime 1756114604.4150386
File /usr/lib/python3.10/_collections_abc.py first seen with mtime 1748365949.0
File /home/student/Desktop/moduleHub/ModuleHub/users/__init__.py first seen with mtime 1756114259.555757
File /home/student/Desktop/moduleHub/ModuleHub/venv/lib/python3.10/site-packages/django/db/backends/base/operations.py first seen with mtime 1756114604.4010382
File /home/student/Desktop/moduleHub/ModuleHub/venv/lib/python3.10/site-packages/django/template/defaultfilters.py first seen with mtime 1756114604.45604
File /home/student/Desktop/moduleHub/ModuleHub/venv/lib/python3.10/site-packages/pymysql/converters.py first seen with mtime 1756114602.8439908
File /usr/lib/python3.10/email/mime/__init__.py first seen with mtime 1748365949.0
File /home/student/Desktop/moduleHub/ModuleHub/venv/lib/python3.10/site-packages/django/db/models/sql/datastructures.py first seen with mtime 1756114604.429039
File /usr/lib/python3.10/concurrent/futures/thread.py first seen with mtime 1748365949.0
File /home/student/Desktop/moduleHub/ModuleHub/venv/lib/python3.10/site-packages/django/core/serializers/base.py first seen with mtime 1756114604.396038
File /home/student/Desktop/moduleHub/ModuleHub/venv/lib/python3.10/site-packages/django/views/decorators/common.py first seen with mtime 1756114604.4780405
File /home/student/Desktop/moduleHub/ModuleHub/venv/lib/python3.10/site-packages/urllib3/util/ssltransport.py first seen with mtime 1756114601.893962
File /home/student/Desktop/moduleHub/ModuleHub/venv/lib/python3.10/site-packages/django/core/cache/backends/locmem.py first seen with mtime 1756114604.3790374
File /home/student/Desktop/moduleHub/ModuleHub/venv/lib/python3.10/site-packages/sqlparse/exceptions.py first seen with mtime 1756114601.9919648
File /home/student/Desktop/moduleHub/ModuleHub/venv/lib/python3.10/site-packages/django/db/migrations/__init__.py first seen with mtime 1756114604.4120386
File /usr/lib/python3.10/sre_compile.py first seen with mtime 1748365949.0
File /home/student/Desktop/moduleHub/ModuleHub/venv/lib/python3.10/site-packages/django/contrib/staticfiles/views.py first seen with mtime 1756114604.3730373
File /usr/lib/python3.10/pathlib.py first seen with mtime 1748365949.0
File /home/student/Desktop/moduleHub/ModuleHub/venv/lib/python3.10/site-packages/pymysql/__init__.py first seen with mtime 1756114602.8429906
File /home/student/Desktop/moduleHub/ModuleHub/venv/lib/python3.10/site-packages/crispy_bootstrap4/__init__.py first seen with mtime 1756114606.223094
File /home/student/Desktop/moduleHub/ModuleHub/venv/lib/python3.10/site-packages/django/utils/__init__.py first seen with mtime 1756114604.4660401
File /home/student/Desktop/moduleHub/ModuleHub/venv/lib/python3.10/site-packages/django/http/multipartparser.py first seen with mtime 1756114604.4520397
File /home/student/Desktop/moduleHub/ModuleHub/venv/lib/python3.10/site-packages/rest_framework/schemas/openapi.py first seen with mtime 1756114605.7460794
File /usr/lib/python3.10/asyncio/sslproto.py first seen with mtime 1748365949.0
File /usr/lib/python3.10/base64.py first seen with mtime 1748365949.0
File /usr/lib/python3.10/email/quoprimime.py first seen with mtime 1748365949.0
File /usr/lib/python3.10/logging/handlers.py first seen with mtime 1748365949.0
File /home/student/Desktop/moduleHub/ModuleHub/venv/lib/python3.10/site-packages/rest_framework/schemas/utils.py first seen with mtime 1756114605.7460794
File /home/student/Desktop/moduleHub/ModuleHub/venv/lib/python3.10/site-packages/django/core/files/storage/filesystem.py first seen with mtime 1756114604.3850377
File /home/student/Desktop/moduleHub/ModuleHub/users/apps.py first seen with mtime 1756114259.555757
File /usr/lib/python3.10/_sitebuiltins.py first seen with mtime 1748365949.0
File /home/student/Desktop/moduleHub/ModuleHub/modules/views.py first seen with mtime 1756114259.522756
File /home/student/Desktop/moduleHub/ModuleHub/venv/lib/python3.10/site-packages/django/db/models/functions/mixins.py first seen with mtime 1756114604.427039
File /home/student/Desktop/moduleHub/ModuleHub/venv/lib/python3.10/site-packages/django/core/__init__.py first seen with mtime 1756114604.3750374
File /home/student/Desktop/moduleHub/ModuleHub/modules/admin.py first seen with mtime 1756114259.518756
File /home/student/Desktop/moduleHub/ModuleHub/venv/lib/python3.10/site-packages/pymysql/constants/ER.py first seen with mtime 1756114602.845991
File /home/student/Desktop/moduleHub/ModuleHub/venv/lib/python3.10/site-packages/idna/idnadata.py first seen with mtime 1756114603.349006
File /home/student/Desktop/moduleHub/ModuleHub/venv/lib/python3.10/site-packages/django/template/autoreload.py first seen with mtime 1756114604.4550397
File /home/student/Desktop/moduleHub/ModuleHub/venv/lib/python3.10/site-packages/crispy_forms/layout.py first seen with mtime 1756114605.9150846
File /usr/lib/python3.10/sre_constants.py first seen with mtime 1748365949.0
File /home/student/Desktop/moduleHub/ModuleHub/venv/lib/python3.10/site-packages/rest_framework/schemas/__init__.py first seen with mtime 1756114605.7450793
File /home/student/Desktop/moduleHub/ModuleHub/venv/lib/python3.10/site-packages/django/template/loaders/__init__.py first seen with mtime 1756114604.45904
File /usr/lib/python3.10/os.py first seen with mtime 1748365949.0
File /usr/lib/python3.10/opcode.py first seen with mtime 1748365949.0
File /home/student/Desktop/moduleHub/ModuleHub/venv/lib/python3.10/site-packages/django/views/__init__.py first seen with mtime 1756114604.4760404
File /home/student/Desktop/moduleHub/ModuleHub/venv/lib/python3.10/site-packages/django/template/backends/base.py first seen with mtime 1756114604.45804
File /home/student/Desktop/moduleHub/ModuleHub/venv/lib/python3.10/site-packages/urllib3/util/url.py first seen with mtime 1756114601.894962
File /home/student/Desktop/moduleHub/ModuleHub/venv/lib/python3.10/site-packages/django/views/csrf.py first seen with mtime 1756114604.4760404
File /usr/lib/python3.10/pkgutil.py first seen with mtime 1748365949.0
File /home/student/Desktop/moduleHub/ModuleHub/venv/lib/python3.10/site-packages/django/contrib/messages/middleware.py first seen with mtime 1756114604.1890316
File /home/student/Desktop/moduleHub/ModuleHub/venv/lib/python3.10/site-packages/cryptography/hazmat/primitives/asymmetric/ec.py first seen with mtime 1756114605.5170724
File /usr/lib/python3.10/urllib/error.py first seen with mtime 1748365949.0
File /home/student/Desktop/moduleHub/ModuleHub/venv/lib/python3.10/site-packages/urllib3/_base_connection.py first seen with mtime 1756114601.8869617
File /home/student/Desktop/moduleHub/ModuleHub/venv/lib/python3.10/site-packages/sqlparse/filters/others.py first seen with mtime 1756114601.993965
File /home/student/Desktop/moduleHub/ModuleHub/venv/lib/python3.10/site-packages/django/db/models/functions/__init__.py first seen with mtime 1756114604.426039
File /home/student/Desktop/moduleHub/ModuleHub/venv/lib/python3.10/site-packages/django/db/models/constraints.py first seen with mtime 1756114604.4180386
File /home/student/Desktop/moduleHub/ModuleHub/venv/lib/python3.10/site-packages/django/contrib/staticfiles/management/__init__.py first seen with mtime 1756114604.3730373
File /home/student/Desktop/moduleHub/ModuleHub/venv/lib/python3.10/site-packages/django/contrib/contenttypes/fields.py first seen with mtime 1756114603.9940257
File /usr/lib/python3.10/ipaddress.py first seen with mtime 1748365949.0
File /home/student/Desktop/moduleHub/ModuleHub/venv/lib/python3.10/site-packages/crispy_forms/templatetags/crispy_forms_field.py first seen with mtime 1756114605.9160845
File /usr/lib/python3.10/asyncio/locks.py first seen with mtime 1748365949.0
File /home/student/Desktop/moduleHub/ModuleHub/venv/lib/python3.10/site-packages/charset_normalizer/version.py first seen with mtime 1756114603.4290085
File /home/student/Desktop/moduleHub/ModuleHub/venv/lib/python3.10/site-packages/django/db/models/constants.py first seen with mtime 1756114604.4180386
File /usr/lib/python3.10/tokenize.py first seen with mtime 1748365949.0
File /home/student/Desktop/moduleHub/ModuleHub/venv/lib/python3.10/site-packages/django/contrib/auth/middleware.py first seen with mtime 1756114603.9310238
File /home/student/Desktop/moduleHub/ModuleHub/venv/lib/python3.10/site-packages/django/core/cache/backends/__init__.py first seen with mtime 1756114604.3780375
File /home/student/Desktop/moduleHub/ModuleHub/venv/lib/python3.10/site-packages/cryptography/hazmat/decrepit/ciphers/algorithms.py first seen with mtime 1756114605.5140722
File /home/student/Desktop/moduleHub/ModuleHub/venv/lib/python3.10/site-packages/sqlparse/filters/aligned_indent.py first seen with mtime 1756114601.993965
File /home/student/Desktop/moduleHub/ModuleHub/venv/lib/python3.10/site-packages/django/urls/exceptions.py first seen with mtime 1756114604.4650402
File /home/student/Desktop/moduleHub/ModuleHub/venv/lib/python3.10/site-packages/django/contrib/sessions/middleware.py first seen with mtime 1756114604.270034
File /home/student/Desktop/moduleHub/ModuleHub/venv/lib/python3.10/site-packages/django/db/models/fields/related_descriptors.py first seen with mtime 1756114604.4250388
File /home/student/Desktop/moduleHub/ModuleHub/venv/lib/python3.10/site-packages/django/db/models/sql/query.py first seen with mtime 1756114604.430039
File /home/student/Desktop/moduleHub/ModuleHub/venv/lib/python3.10/site-packages/django/http/__init__.py first seen with mtime 1756114604.4510398
File /usr/lib/python3.10/linecache.py first seen with mtime 1748365949.0
File /home/student/Desktop/moduleHub/ModuleHub/venv/lib/python3.10/site-packages/rest_framework/views.py first seen with mtime 1756114605.7240787
File /home/student/Desktop/moduleHub/ModuleHub/venv/lib/python3.10/site-packages/django/utils/hashable.py first seen with mtime 1756114604.4700403
File /usr/lib/python3.10/types.py first seen with mtime 1748365949.0
File /home/student/Desktop/moduleHub/ModuleHub/venv/lib/python3.10/site-packages/django/contrib/postgres/validators.py first seen with mtime 1756114604.1920319
File /home/student/Desktop/moduleHub/ModuleHub/venv/lib/python3.10/site-packages/rest_framework/authentication.py first seen with mtime 1756114605.7170784
File /home/student/Desktop/moduleHub/ModuleHub/venv/lib/python3.10/site-packages/django/templatetags/cache.py first seen with mtime 1756114604.46104
File /home/student/Desktop/moduleHub/ModuleHub/venv/lib/python3.10/site-packages/cryptography/hazmat/bindings/__init__.py first seen with mtime 1756114605.44007
File /home/student/Desktop/moduleHub/ModuleHub/venv/lib/python3.10/site-packages/django/middleware/clickjacking.py first seen with mtime 1756114604.4530396
File /home/student/Desktop/moduleHub/ModuleHub/venv/lib/python3.10/site-packages/django/views/decorators/debug.py first seen with mtime 1756114604.4780405
File /usr/lib/python3.10/string.py first seen with mtime 1748365949.0
File /home/student/Desktop/moduleHub/ModuleHub/venv/lib/python3.10/site-packages/django/db/models/functions/window.py first seen with mtime 1756114604.427039
File /home/student/Desktop/moduleHub/ModuleHub/venv/lib/python3.10/site-packages/requests/certs.py first seen with mtime 1756114603.4760098
File /home/student/Desktop/moduleHub/ModuleHub/venv/lib/python3.10/site-packages/django/db/backends/mysql/features.py first seen with mtime 1756114604.4040382
File /home/student/Desktop/moduleHub/ModuleHub/venv/lib/python3.10/site-packages/django/contrib/sites/requests.py first seen with mtime 1756114604.3210356
File /usr/lib/python3.10/lib-dynload/_opcode.cpython-310-x86_64-linux-gnu.so first seen with mtime 1748365949.0
File /home/student/Desktop/moduleHub/ModuleHub/modules/urls.py first seen with mtime 1756114259.522756
File /home/student/Desktop/moduleHub/ModuleHub/venv/lib/python3.10/site-packages/rest_framework/utils/formatting.py first seen with mtime 1756114605.7780805
File /home/student/Desktop/moduleHub/ModuleHub/venv/lib/python3.10/site-packages/rest_framework/utils/urls.py first seen with mtime 1756114605.7790804
File /home/student/Desktop/moduleHub/ModuleHub/venv/lib/python3.10/site-packages/django/contrib/staticfiles/finders.py first seen with mtime 1756114604.3710372
File /usr/lib/python3.10/socketserver.py first seen with mtime 1748365949.0
File /home/student/Desktop/moduleHub/ModuleHub/venv/lib/python3.10/site-packages/pymysql/constants/FIELD_TYPE.py first seen with mtime 1756114602.845991
File /home/student/Desktop/moduleHub/ModuleHub/venv/lib/python3.10/site-packages/dotenv/__init__.py first seen with mtime 1756114602.81999
File /home/student/Desktop/moduleHub/ModuleHub/venv/lib/python3.10/site-packages/django/template/context.py first seen with mtime 1756114604.4550397
File /home/student/Desktop/moduleHub/ModuleHub/venv/lib/python3.10/site-packages/django/db/models/fields/mixins.py first seen with mtime 1756114604.424039
File /usr/lib/python3.10/lib-dynload/_hashlib.cpython-310-x86_64-linux-gnu.so first seen with mtime 1748365949.0
File /home/student/Desktop/moduleHub/ModuleHub/venv/lib/python3.10/site-packages/django/contrib/postgres/utils.py first seen with mtime 1756114604.1920319
File /home/student/Desktop/moduleHub/ModuleHub/venv/lib/python3.10/site-packages/django/core/checks/__init__.py first seen with mtime 1756114604.3800375
File /home/student/Desktop/moduleHub/ModuleHub/venv/lib/python3.10/site-packages/django/core/management/commands/migrate.py first seen with mtime 1756114604.3930378
File /home/student/Desktop/moduleHub/ModuleHub/venv/lib/python3.10/site-packages/django/db/backends/mysql/introspection.py first seen with mtime 1756114604.4040382
File /home/student/Desktop/moduleHub/ModuleHub/venv/lib/python3.10/site-packages/django/dispatch/dispatcher.py first seen with mtime 1756114604.431039
File /usr/lib/python3.10/importlib/metadata/_functools.py first seen with mtime 1748365949.0
File /usr/lib/python3.10/re.py first seen with mtime 1748365949.0
File /home/student/Desktop/moduleHub/ModuleHub/venv/lib/python3.10/site-packages/django/utils/deconstruct.py first seen with mtime 1756114604.4690402
File /home/student/Desktop/moduleHub/ModuleHub/venv/lib/python3.10/site-packages/rest_framework/utils/__init__.py first seen with mtime 1756114605.7770803
File /home/student/Desktop/moduleHub/ModuleHub/venv/lib/python3.10/site-packages/cryptography/hazmat/_oid.py first seen with mtime 1756114605.43907
File /home/student/Desktop/moduleHub/ModuleHub/venv/lib/python3.10/site-packages/cryptography/exceptions.py first seen with mtime 1756114605.43807
File /usr/lib/python3.10/asyncio/base_futures.py first seen with mtime 1748365949.0
File /home/student/Desktop/moduleHub/ModuleHub/venv/lib/python3.10/site-packages/django/template/library.py first seen with mtime 1756114604.4570398
File /home/student/Desktop/moduleHub/ModuleHub/venv/lib/python3.10/site-packages/crispy_forms/helper.py first seen with mtime 1756114605.9150846
File /usr/lib/python3.10/textwrap.py first seen with mtime 1748365949.0
File /usr/lib/python3.10/pprint.py first seen with mtime 1748365949.0
File /home/student/Desktop/moduleHub/ModuleHub/venv/lib/python3.10/site-packages/rest_framework/schemas/inspectors.py first seen with mtime 1756114605.7460794
File /home/student/Desktop/moduleHub/ModuleHub/venv/lib/python3.10/site-packages/django/urls/base.py first seen with mtime 1756114604.4650402
File /home/student/Desktop/moduleHub/ModuleHub/venv/lib/python3.10/site-packages/django/__init__.py first seen with mtime 1756114603.644015
File /home/student/Desktop/moduleHub/ModuleHub/venv/lib/python3.10/site-packages/django/template/loader_tags.py first seen with mtime 1756114604.4570398
File /home/student/Desktop/moduleHub/ModuleHub/venv/lib/python3.10/site-packages/rest_framework/utils/model_meta.py first seen with mtime 1756114605.7790804
File /usr/lib/python3.10/sre_parse.py first seen with mtime 1748365949.0
File /home/student/Desktop/moduleHub/ModuleHub/venv/lib/python3.10/site-packages/django/conf/locale/__init__.py first seen with mtime 1756114603.648015
File /usr/lib/python3.10/json/decoder.py first seen with mtime 1748365949.0
File /usr/lib/python3.10/concurrent/futures/_base.py first seen with mtime 1748365949.0
File /home/student/Desktop/moduleHub/ModuleHub/users/forms.py first seen with mtime 1756114259.555757
File /usr/lib/python3.10/concurrent/futures/__init__.py first seen with mtime 1748365949.0
File /home/student/Desktop/moduleHub/ModuleHub/venv/lib/python3.10/site-packages/django/core/handlers/asgi.py first seen with mtime 1756114604.3860376
File /home/student/Desktop/moduleHub/ModuleHub/venv/lib/python3.10/site-packages/django/contrib/sessions/exceptions.py first seen with mtime 1756114604.270034
File /home/student/Desktop/moduleHub/ModuleHub/venv/lib/python3.10/site-packages/urllib3/util/ssl_match_hostname.py first seen with mtime 1756114601.893962
File /usr/lib/python3.10/http/client.py first seen with mtime 1748365949.0
File /home/student/Desktop/moduleHub/ModuleHub/venv/lib/python3.10/site-packages/django/db/migrations/operations/models.py first seen with mtime 1756114604.4170387
File /home/student/Desktop/moduleHub/ModuleHub/venv/lib/python3.10/site-packages/django/contrib/sessions/backends/__init__.py first seen with mtime 1756114604.2710342
File /home/student/Desktop/moduleHub/ModuleHub/venv/lib/python3.10/site-packages/django/db/models/fields/__init__.py first seen with mtime 1756114604.4230387
File /usr/lib/python3.10/signal.py first seen with mtime 1748365949.0
File /home/student/Desktop/moduleHub/ModuleHub/venv/lib/python3.10/site-packages/dotenv/parser.py first seen with mtime 1756114602.82099
File /home/student/Desktop/moduleHub/ModuleHub/venv/lib/python3.10/site-packages/django/contrib/messages/constants.py first seen with mtime 1756114604.1880317
File /usr/lib/python3.10/weakref.py first seen with mtime 1748365949.0
File /home/student/Desktop/moduleHub/ModuleHub/venv/lib/python3.10/site-packages/django/core/files/storage/base.py first seen with mtime 1756114604.3850377
File /usr/lib/python3.10/email/mime/nonmultipart.py first seen with mtime 1748365949.0
File /usr/lib/python3.10/io.py first seen with mtime 1748365949.0
File /usr/lib/python3.10/enum.py first seen with mtime 1748365949.0
File /home/student/Desktop/moduleHub/ModuleHub/venv/lib/python3.10/site-packages/django/core/files/temp.py first seen with mtime 1756114604.3840377
File /usr/lib/python3.10/importlib/util.py first seen with mtime 1748365949.0
File /home/student/Desktop/moduleHub/ModuleHub/venv/lib/python3.10/site-packages/cryptography/hazmat/backends/__init__.py first seen with mtime 1756114605.44007
File /home/student/Desktop/moduleHub/ModuleHub/venv/lib/python3.10/site-packages/pymysql/constants/CR.py first seen with mtime 1756114602.845991
File /home/student/Desktop/moduleHub/ModuleHub/venv/lib/python3.10/site-packages/django/utils/choices.py first seen with mtime 1756114604.46704
File /home/student/Desktop/moduleHub/ModuleHub/venv/lib/python3.10/site-packages/pymysql/times.py first seen with mtime 1756114602.8449907
File /usr/lib/python3.10/operator.py first seen with mtime 1748365949.0
File /usr/lib/python3.10/reprlib.py first seen with mtime 1748365949.0
File /home/student/Desktop/moduleHub/ModuleHub/venv/lib/python3.10/site-packages/sqlparse/utils.py first seen with mtime 1756114601.992965
File /usr/lib/python3.10/asyncio/streams.py first seen with mtime 1748365949.0
File /home/student/Desktop/moduleHub/ModuleHub/venv/lib/python3.10/site-packages/django/db/migrations/operations/__init__.py first seen with mtime 1756114604.4160385
File /home/student/Desktop/moduleHub/ModuleHub/venv/lib/python3.10/site-packages/django/db/models/aggregates.py first seen with mtime 1756114604.4170387
File /home/student/Desktop/moduleHub/ModuleHub/venv/lib/python3.10/site-packages/django/template/backends/__init__.py first seen with mtime 1756114604.45804
File /usr/lib/python3.10/urllib/parse.py first seen with mtime 1748365949.0
File /home/student/Desktop/moduleHub/ModuleHub/venv/lib/python3.10/site-packages/sqlparse/filters/output.py first seen with mtime 1756114601.993965
File /home/student/Desktop/moduleHub/ModuleHub/venv/lib/python3.10/site-packages/corsheaders/middleware.py first seen with mtime 1756114605.9420855
File /home/student/Desktop/moduleHub/ModuleHub/venv/lib/python3.10/site-packages/django/contrib/admin/templatetags/base.py first seen with mtime 1756114603.8830223
File /usr/lib/python3.10/email/_encoded_words.py first seen with mtime 1748365949.0
File /usr/lib/python3.10/email/header.py first seen with mtime 1748365949.0
File /usr/lib/python3.10/functools.py first seen with mtime 1748365949.0
File /usr/lib/python3.10/sysconfig.py first seen with mtime 1748365949.0
File /home/student/Desktop/moduleHub/ModuleHub/venv/lib/python3.10/site-packages/django/contrib/messages/api.py first seen with mtime 1756114604.1880317
File /home/student/Desktop/moduleHub/ModuleHub/venv/lib/python3.10/site-packages/sqlparse/__init__.py first seen with mtime 1756114601.9919648
File /home/student/Desktop/moduleHub/ModuleHub/venv/lib/python3.10/site-packages/rest_framework/templatetags/rest_framework.py first seen with mtime 1756114605.7770803
File /home/student/Desktop/moduleHub/ModuleHub/venv/lib/python3.10/site-packages/rest_framework/negotiation.py first seen with mtime 1756114605.7190785
File /home/student/Desktop/moduleHub/ModuleHub/venv/lib/python3.10/site-packages/django/core/handlers/wsgi.py first seen with mtime 1756114604.3870378
File /usr/lib/python3.10/json/scanner.py first seen with mtime 1748365949.0
File /home/student/Desktop/moduleHub/ModuleHub/venv/lib/python3.10/site-packages/sqlparse/filters/reindent.py first seen with mtime 1756114601.994965
File /home/student/Desktop/moduleHub/ModuleHub/venv/lib/python3.10/site-packages/django/contrib/admin/exceptions.py first seen with mtime 1756114603.748018
File /home/student/Desktop/moduleHub/ModuleHub/venv/lib/python3.10/site-packages/django/db/backends/base/features.py first seen with mtime 1756114604.4010382
File /home/student/Desktop/moduleHub/ModuleHub/venv/lib/python3.10/site-packages/django/contrib/auth/base_user.py first seen with mtime 1756114603.9290237
File /home/student/Desktop/moduleHub/ModuleHub/venv/lib/python3.10/site-packages/pymysql/err.py first seen with mtime 1756114602.8449907
File /home/student/Desktop/moduleHub/ModuleHub/venv/lib/python3.10/site-packages/django/contrib/postgres/forms/hstore.py first seen with mtime 1756114604.1940317
File /home/student/Desktop/moduleHub/ModuleHub/venv/lib/python3.10/site-packages/django/core/cache/__init__.py first seen with mtime 1756114604.3770375
File /home/student/Desktop/moduleHub/ModuleHub/venv/lib/python3.10/site-packages/django/db/models/utils.py first seen with mtime 1756114604.4220388
File /home/student/Desktop/moduleHub/ModuleHub/venv/lib/python3.10/site-packages/urllib3/_request_methods.py first seen with mtime 1756114601.8879619
File /usr/lib/python3.10/importlib/abc.py first seen with mtime 1748365949.0
File /home/student/Desktop/moduleHub/ModuleHub/venv/lib/python3.10/site-packages/django/contrib/auth/backends.py first seen with mtime 1756114603.9290237
File /home/student/Desktop/moduleHub/ModuleHub/venv/lib/python3.10/site-packages/django/template/loaders/base.py first seen with mtime 1756114604.4600399
File /usr/lib/python3.10/heapq.py first seen with mtime 1748365949.0
File /home/student/Desktop/moduleHub/ModuleHub/venv/lib/python3.10/site-packages/django/db/backends/base/introspection.py first seen with mtime 1756114604.4010382
File /home/student/Desktop/moduleHub/ModuleHub/venv/lib/python3.10/site-packages/django/db/models/__init__.py first seen with mtime 1756114604.4170387
File /home/student/Desktop/moduleHub/ModuleHub/venv/lib/python3.10/site-packages/django/templatetags/l10n.py first seen with mtime 1756114604.46104
File /home/student/Desktop/moduleHub/ModuleHub/venv/lib/python3.10/site-packages/urllib3/_version.py first seen with mtime 1756114601.8879619
File /home/student/Desktop/moduleHub/ModuleHub/venv/lib/python3.10/site-packages/urllib3/util/response.py first seen with mtime 1756114601.892962
File /usr/lib/python3.10/json/encoder.py first seen with mtime 1748365949.0
File /home/student/Desktop/moduleHub/ModuleHub/venv/lib/python3.10/site-packages/django/contrib/auth/checks.py first seen with mtime 1756114603.9290237
File /home/student/Desktop/moduleHub/ModuleHub/venv/lib/python3.10/site-packages/django/core/serializers/python.py first seen with mtime 1756114604.397038
File /home/student/Desktop/moduleHub/ModuleHub/venv/lib/python3.10/site-packages/django/db/backends/mysql/creation.py first seen with mtime 1756114604.4030383
File /home/student/Desktop/moduleHub/ModuleHub/venv/lib/python3.10/site-packages/django/contrib/admindocs/utils.py first seen with mtime 1756114603.8840222
File /home/student/Desktop/moduleHub/ModuleHub/venv/lib/python3.10/site-packages/django/core/signals.py first seen with mtime 1756114604.3760374
File /usr/lib/python3.10/copy.py first seen with mtime 1748365949.0
File /home/student/Desktop/moduleHub/ModuleHub/venv/lib/python3.10/site-packages/django/template/backends/django.py first seen with mtime 1756114604.45804
File /usr/lib/python3.10/locale.py first seen with mtime 1748365949.0
File /usr/lib/python3.10/lib-dynload/_zoneinfo.cpython-310-x86_64-linux-gnu.so first seen with mtime 1748365949.0
File /usr/lib/python3.10/gzip.py first seen with mtime 1748365949.0
File /usr/lib/python3.10/dataclasses.py first seen with mtime 1748365949.0
File /home/student/Desktop/moduleHub/ModuleHub/core/models.py first seen with mtime 1756114259.4747546
File /home/student/Desktop/moduleHub/ModuleHub/venv/lib/python3.10/site-packages/django/forms/models.py first seen with mtime 1756114604.4330392
File /home/student/Desktop/moduleHub/ModuleHub/venv/lib/python3.10/site-packages/PIL/__init__.py first seen with mtime 1756114603.015996
File /home/student/Desktop/moduleHub/ModuleHub/venv/lib/python3.10/site-packages/django/db/migrations/autodetector.py first seen with mtime 1756114604.4130385
File /home/student/Desktop/moduleHub/ModuleHub/venv/lib/python3.10/site-packages/django/urls/utils.py first seen with mtime 1756114604.4660401
File /home/student/Desktop/moduleHub/ModuleHub/venv/lib/python3.10/site-packages/idna/__init__.py first seen with mtime 1756114603.348006
File /home/student/Desktop/moduleHub/ModuleHub/venv/lib/python3.10/site-packages/django/core/cache/backends/base.py first seen with mtime 1756114604.3780375
File /home/student/Desktop/moduleHub/ModuleHub/venv/lib/python3.10/site-packages/requests/hooks.py first seen with mtime 1756114603.47701
File /home/student/Desktop/moduleHub/ModuleHub/venv/lib/python3.10/site-packages/rest_framework/utils/humanize_datetime.py first seen with mtime 1756114605.7780805
File /home/student/Desktop/moduleHub/ModuleHub/venv/lib/python3.10/site-packages/cryptography/hazmat/primitives/asymmetric/padding.py first seen with mtime 1756114605.5170724
File /usr/lib/python3.10/site.py first seen with mtime 1748365949.0
File /home/student/Desktop/moduleHub/ModuleHub/venv/lib/python3.10/site-packages/django/contrib/admindocs/__init__.py first seen with mtime 1756114603.8840222
File /etc/python3.10/sitecustomize.py first seen with mtime 1648890259.0
File /usr/lib/python3.10/encodings/aliases.py first seen with mtime 1748365949.0
File /usr/lib/python3.10/asyncio/log.py first seen with mtime 1748365949.0
File /usr/lib/python3.10/configparser.py first seen with mtime 1748365949.0
File /home/student/Desktop/moduleHub/ModuleHub/venv/lib/python3.10/site-packages/django/forms/utils.py first seen with mtime 1756114604.4330392
File /usr/lib/python3.10/collections/abc.py first seen with mtime 1748365949.0
File /usr/lib/python3.10/asyncio/transports.py first seen with mtime 1748365949.0
File /home/student/Desktop/moduleHub/ModuleHub/venv/lib/python3.10/site-packages/django/apps/registry.py first seen with mtime 1756114603.646015
File /home/student/Desktop/moduleHub/ModuleHub/venv/lib/python3.10/site-packages/django/core/files/storage/mixins.py first seen with mtime 1756114604.3860376
File /home/student/Desktop/moduleHub/ModuleHub/venv/lib/python3.10/site-packages/django/db/migrations/questioner.py first seen with mtime 1756114604.4140387
File /home/student/Desktop/moduleHub/ModuleHub/venv/lib/python3.10/site-packages/django/utils/timezone.py first seen with mtime 1756114604.4740405
File /usr/lib/python3.10/socket.py first seen with mtime 1748365949.0
File /home/student/Desktop/moduleHub/ModuleHub/venv/lib/python3.10/site-packages/django/contrib/admin/options.py first seen with mtime 1756114603.7500181
File /home/student/Desktop/moduleHub/ModuleHub/venv/lib/python3.10/site-packages/rest_framework/utils/representation.py first seen with mtime 1756114605.7790804
File /home/student/Desktop/moduleHub/ModuleHub/venv/lib/python3.10/site-packages/urllib3/util/proxy.py first seen with mtime 1756114601.892962
File /home/student/Desktop/moduleHub/ModuleHub/venv/lib/python3.10/site-packages/django/urls/__init__.py first seen with mtime 1756114604.46404
File /home/student/Desktop/moduleHub/ModuleHub/venv/lib/python3.10/site-packages/whitenoise/string_utils.py first seen with mtime 1756114601.8029592
File /home/student/Desktop/moduleHub/ModuleHub/venv/lib/python3.10/site-packages/asgiref/current_thread_executor.py first seen with mtime 1756114603.5820131
File /home/student/Desktop/moduleHub/ModuleHub/venv/lib/python3.10/site-packages/django/views/debug.py first seen with mtime 1756114604.4760404
File /home/student/Desktop/moduleHub/ModuleHub/venv/lib/python3.10/site-packages/requests/cookies.py first seen with mtime 1756114603.4760098
File /usr/lib/python3.10/urllib/__init__.py first seen with mtime 1748365949.0
File /usr/lib/python3.10/inspect.py first seen with mtime 1748365949.0
File /home/student/Desktop/moduleHub/ModuleHub/venv/lib/python3.10/site-packages/requests/_internal_utils.py first seen with mtime 1756114603.47501
File /home/student/Desktop/moduleHub/ModuleHub/venv/lib/python3.10/site-packages/requests/structures.py first seen with mtime 1756114603.47801
File /home/student/Desktop/moduleHub/ModuleHub/core/__init__.py first seen with mtime 1756114259.4747546
File /home/student/Desktop/moduleHub/ModuleHub/venv/lib/python3.10/site-packages/django/forms/__init__.py first seen with mtime 1756114604.431039
File /home/student/Desktop/moduleHub/ModuleHub/venv/lib/python3.10/site-packages/requests/compat.py first seen with mtime 1756114603.4760098
File /usr/lib/python3.10/html/entities.py first seen with mtime 1748365949.0
File /home/student/Desktop/moduleHub/ModuleHub/venv/lib/python3.10/site-packages/django/core/management/commands/runserver.py first seen with mtime 1756114604.394038
File /home/student/Desktop/moduleHub/ModuleHub/venv/lib/python3.10/site-packages/django/db/backends/mysql/__init__.py first seen with mtime 1756114604.4030383
File /home/student/Desktop/moduleHub/ModuleHub/venv/lib/python3.10/site-packages/pymysql/charset.py first seen with mtime 1756114602.8429906
File /home/student/Desktop/moduleHub/ModuleHub/venv/lib/python3.10/site-packages/django/core/validators.py first seen with mtime 1756114604.3770375
File /usr/lib/python3.10/wsgiref/simple_server.py first seen with mtime 1748365949.0
File /home/student/Desktop/moduleHub/ModuleHub/venv/lib/python3.10/site-packages/requests/__version__.py first seen with mtime 1756114603.47501
File /home/student/Desktop/moduleHub/ModuleHub/venv/lib/python3.10/site-packages/charset_normalizer/legacy.py first seen with mtime 1756114603.4260085
File /home/student/Desktop/moduleHub/ModuleHub/venv/lib/python3.10/site-packages/django/contrib/messages/utils.py first seen with mtime 1756114604.1890316
File /home/student/Desktop/moduleHub/ModuleHub/venv/lib/python3.10/site-packages/urllib3/connectionpool.py first seen with mtime 1756114601.8889618
File /home/student/Desktop/moduleHub/ModuleHub/venv/lib/python3.10/site-packages/django/core/files/storage/__init__.py first seen with mtime 1756114604.3850377
File /home/student/Desktop/moduleHub/ModuleHub/venv/lib/python3.10/site-packages/urllib3/exceptions.py first seen with mtime 1756114601.8889618
File /home/student/Desktop/moduleHub/ModuleHub/venv/lib/python3.10/site-packages/django/contrib/admin/views/main.py first seen with mtime 1756114603.8840222
File /home/student/Desktop/moduleHub/ModuleHub/venv/lib/python3.10/site-packages/django/core/checks/caches.py first seen with mtime 1756114604.3800375
File /home/student/Desktop/moduleHub/ModuleHub/venv/lib/python3.10/site-packages/django/forms/boundfield.py first seen with mtime 1756114604.431039
File /usr/lib/python3.10/genericpath.py first seen with mtime 1748365949.0
File /home/student/Desktop/moduleHub/ModuleHub/venv/lib/python3.10/site-packages/django/core/cache/backends/filebased.py first seen with mtime 1756114604.3790374
File /home/student/Desktop/moduleHub/ModuleHub/venv/lib/python3.10/site-packages/certifi/core.py first seen with mtime 1756114603.4630094
File /home/student/Desktop/moduleHub/ModuleHub/venv/lib/python3.10/site-packages/django/core/checks/async_checks.py first seen with mtime 1756114604.3800375
File /usr/lib/python3.10/uu.py first seen with mtime 1748365949.0
File /home/student/Desktop/moduleHub/ModuleHub/venv/lib/python3.10/site-packages/cryptography/hazmat/bindings/_rust.abi3.so first seen with mtime 1756114605.509072
File /usr/lib/python3.10/email/charset.py first seen with mtime 1748365949.0
File /home/student/Desktop/moduleHub/ModuleHub/venv/lib/python3.10/site-packages/django/contrib/auth/models.py first seen with mtime 1756114603.9320238
File /home/student/Desktop/moduleHub/ModuleHub/venv/lib/python3.10/site-packages/requests/adapters.py first seen with mtime 1756114603.47501
File /home/student/Desktop/moduleHub/ModuleHub/venv/lib/python3.10/site-packages/urllib3/util/retry.py first seen with mtime 1756114601.893962
File /home/student/Desktop/moduleHub/ModuleHub/core/apps.py first seen with mtime 1756114259.4747546
File /home/student/Desktop/moduleHub/ModuleHub/venv/lib/python3.10/site-packages/rest_framework/exceptions.py first seen with mtime 1756114605.7180786
File /home/student/Desktop/moduleHub/ModuleHub/venv/lib/python3.10/site-packages/django/contrib/sessions/models.py first seen with mtime 1756114604.270034
File /home/student/Desktop/moduleHub/ModuleHub/venv/lib/python3.10/site-packages/django/contrib/messages/__init__.py first seen with mtime 1756114604.1880317
File /home/student/Desktop/moduleHub/ModuleHub/venv/lib/python3.10/site-packages/django/contrib/admin/templatetags/admin_modify.py first seen with mtime 1756114603.8820221
File /home/student/Desktop/moduleHub/ModuleHub/venv/lib/python3.10/site-packages/django/contrib/contenttypes/views.py first seen with mtime 1756114603.9940257
File /home/student/Desktop/moduleHub/ModuleHub/venv/lib/python3.10/site-packages/django/template/loaders/cached.py first seen with mtime 1756114604.4600399
File /home/student/Desktop/moduleHub/ModuleHub/venv/lib/python3.10/site-packages/django/contrib/admin/templatetags/__init__.py first seen with mtime 1756114603.8820221
File /home/student/Desktop/moduleHub/ModuleHub/venv/lib/python3.10/site-packages/django/contrib/contenttypes/admin.py first seen with mtime 1756114603.9930255
File /home/student/Desktop/moduleHub/ModuleHub/venv/lib/python3.10/site-packages/cryptography/__init__.py first seen with mtime 1756114605.43807
File /home/student/Desktop/moduleHub/ModuleHub/venv/lib/python3.10/site-packages/django/contrib/contenttypes/checks.py first seen with mtime 1756114603.9940257
File /home/student/Desktop/moduleHub/ModuleHub/venv/lib/python3.10/site-packages/django/template/smartif.py first seen with mtime 1756114604.45804
File /home/student/Desktop/moduleHub/ModuleHub/venv/lib/python3.10/site-packages/django/contrib/postgres/lookups.py first seen with mtime 1756114604.1910317
File /home/student/Desktop/moduleHub/ModuleHub/venv/lib/python3.10/site-packages/django/contrib/staticfiles/checks.py first seen with mtime 1756114604.3710372
File /home/student/Desktop/moduleHub/ModuleHub/venv/lib/python3.10/site-packages/django/core/servers/basehttp.py first seen with mtime 1756114604.3980381
File /home/student/Desktop/moduleHub/ModuleHub/venv/lib/python3.10/site-packages/django/db/migrations/optimizer.py first seen with mtime 1756114604.4140387
File /home/student/Desktop/moduleHub/ModuleHub/venv/lib/python3.10/site-packages/django/utils/ipv6.py first seen with mtime 1756114604.4710402
File /usr/lib/python3.10/email/utils.py first seen with mtime 1748365949.0
File /home/student/Desktop/moduleHub/ModuleHub/venv/lib/python3.10/site-packages/django/db/backends/signals.py first seen with mtime 1756114604.399038
File /home/student/Desktop/moduleHub/ModuleHub/venv/lib/python3.10/site-packages/django/db/migrations/executor.py first seen with mtime 1756114604.4130385
File /home/student/Desktop/moduleHub/ModuleHub/venv/lib/python3.10/site-packages/charset_normalizer/constant.py first seen with mtime 1756114603.4260085
File /home/student/Desktop/moduleHub/ModuleHub/venv/lib/python3.10/site-packages/django/contrib/sessions/backends/base.py first seen with mtime 1756114604.2710342
File /home/student/Desktop/moduleHub/ModuleHub/venv/lib/python3.10/site-packages/cryptography/hazmat/primitives/__init__.py first seen with mtime 1756114605.5150723
File /home/student/Desktop/moduleHub/ModuleHub/venv/lib/python3.10/site-packages/django/core/management/color.py first seen with mtime 1756114604.3890378
File /home/student/Desktop/moduleHub/ModuleHub/venv/lib/python3.10/site-packages/django/contrib/auth/__init__.py first seen with mtime 1756114603.9280236
File /home/student/Desktop/moduleHub/ModuleHub/venv/lib/python3.10/site-packages/rest_framework/reverse.py first seen with mtime 1756114605.7210786
File /home/student/Desktop/moduleHub/ModuleHub/venv/lib/python3.10/site-packages/django/templatetags/__init__.py first seen with mtime 1756114604.4600399
File /home/student/Desktop/moduleHub/ModuleHub/venv/lib/python3.10/site-packages/django/core/files/utils.py first seen with mtime 1756114604.3850377
File /home/student/Desktop/moduleHub/ModuleHub/venv/lib/python3.10/site-packages/django/db/backends/base/creation.py first seen with mtime 1756114604.4000382
File /home/student/Desktop/moduleHub/ModuleHub/venv/lib/python3.10/site-packages/django/contrib/sessions/__init__.py first seen with mtime 1756114604.2690341
File /usr/lib/python3.10/traceback.py first seen with mtime 1748365949.0
File /home/student/Desktop/moduleHub/ModuleHub/venv/lib/python3.10/site-packages/sqlparse/filters/right_margin.py first seen with mtime 1756114601.994965
File /home/student/Desktop/moduleHub/ModuleHub/moduleHub/settings.py first seen with mtime 1756144620.3186274
File /usr/lib/python3.10/ast.py first seen with mtime 1748365949.0
File /usr/lib/python3.10/decimal.py first seen with mtime 1748365949.0
File /home/student/Desktop/moduleHub/ModuleHub/venv/lib/python3.10/site-packages/corsheaders/checks.py first seen with mtime 1756114605.9410853
File /usr/lib/python3.10/email/__init__.py first seen with mtime 1748365949.0
File /home/student/Desktop/moduleHub/ModuleHub/venv/lib/python3.10/site-packages/django/forms/formsets.py first seen with mtime 1756114604.432039
File /usr/lib/python3.10/gettext.py first seen with mtime 1748365949.0
File /home/student/Desktop/moduleHub/ModuleHub/venv/lib/python3.10/site-packages/sqlparse/filters/tokens.py first seen with mtime 1756114601.994965
File /home/student/Desktop/moduleHub/ModuleHub/venv/lib/python3.10/site-packages/django/contrib/postgres/forms/array.py first seen with mtime 1756114604.1940317
File /home/student/Desktop/moduleHub/ModuleHub/venv/lib/python3.10/site-packages/django/utils/datastructures.py first seen with mtime 1756114604.4680402
File /home/student/Desktop/moduleHub/ModuleHub/venv/lib/python3.10/site-packages/django/core/files/__init__.py first seen with mtime 1756114604.3830376
File /home/student/Desktop/moduleHub/ModuleHub/venv/lib/python3.10/site-packages/django/db/migrations/operations/base.py first seen with mtime 1756114604.4160385
File /home/student/Desktop/moduleHub/ModuleHub/venv/lib/python3.10/site-packages/whitenoise/responders.py first seen with mtime 1756114601.8029592
File /home/student/Desktop/moduleHub/ModuleHub/venv/lib/python3.10/site-packages/django/db/models/fields/proxy.py first seen with mtime 1756114604.424039
File /usr/lib/python3.10/mimetypes.py first seen with mtime 1748365949.0
File /home/student/Desktop/moduleHub/ModuleHub/venv/lib/python3.10/site-packages/urllib3/connection.py first seen with mtime 1756114601.8879619
File /usr/lib/python3.10/pickle.py first seen with mtime 1748365949.0
File /home/student/Desktop/moduleHub/ModuleHub/venv/lib/python3.10/site-packages/django/contrib/admin/models.py first seen with mtime 1756114603.7490182
File /home/student/Desktop/moduleHub/ModuleHub/venv/lib/python3.10/site-packages/django/contrib/auth/apps.py first seen with mtime 1756114603.9290237
File /home/student/Desktop/moduleHub/ModuleHub/venv/lib/python3.10/site-packages/django/urls/conf.py first seen with mtime 1756114604.4650402
File /home/student/Desktop/moduleHub/ModuleHub/venv/lib/python3.10/site-packages/urllib3/util/__init__.py first seen with mtime 1756114601.892962
File /home/student/Desktop/moduleHub/ModuleHub/venv/lib/python3.10/site-packages/rest_framework/utils/timezone.py first seen with mtime 1756114605.7790804
File /home/student/Desktop/moduleHub/ModuleHub/venv/lib/python3.10/site-packages/django/contrib/staticfiles/management/commands/runserver.py first seen with mtime 1756114604.3740373
File /home/student/Desktop/moduleHub/ModuleHub/venv/lib/python3.10/site-packages/django/contrib/admin/utils.py first seen with mtime 1756114603.7510183
File /usr/lib/python3.10/asyncio/format_helpers.py first seen with mtime 1748365949.0
File /home/student/Desktop/moduleHub/ModuleHub/venv/lib/python3.10/site-packages/django/db/models/fields/composite.py first seen with mtime 1756114604.4230387
File /usr/lib/python3.10/lib-dynload/_asyncio.cpython-310-x86_64-linux-gnu.so first seen with mtime 1748365949.0
File /home/student/Desktop/moduleHub/ModuleHub/venv/lib/python3.10/site-packages/django/contrib/admin/views/autocomplete.py first seen with mtime 1756114603.8830223
File /home/student/Desktop/moduleHub/ModuleHub/venv/lib/python3.10/site-packages/django/db/models/functions/math.py first seen with mtime 1756114604.427039
File /usr/lib/python3.10/random.py first seen with mtime 1748365949.0
File /home/student/Desktop/moduleHub/ModuleHub/venv/lib/python3.10/site-packages/django/utils/log.py first seen with mtime 1756114604.4720404
File /home/student/Desktop/moduleHub/ModuleHub/venv/lib/python3.10/site-packages/crispy_forms/templatetags/crispy_forms_utils.py first seen with mtime 1756114605.9160845
File /home/student/Desktop/moduleHub/ModuleHub/venv/lib/python3.10/site-packages/django/db/backends/base/__init__.py first seen with mtime 1756114604.399038
File /home/student/Desktop/moduleHub/ModuleHub/venv/lib/python3.10/site-packages/django/template/exceptions.py first seen with mtime 1756114604.4570398
File /home/student/Desktop/moduleHub/ModuleHub/venv/lib/python3.10/site-packages/cryptography/hazmat/decrepit/__init__.py first seen with mtime 1756114605.5140722
File /home/student/Desktop/moduleHub/ModuleHub/venv/lib/python3.10/site-packages/django/core/paginator.py first seen with mtime 1756114604.3760374
File /usr/lib/python3.10/email/parser.py first seen with mtime 1748365949.0
File /usr/lib/python3.10/http/cookies.py first seen with mtime 1748365949.0
File /home/student/Desktop/moduleHub/ModuleHub/venv/lib/python3.10/site-packages/rest_framework/schemas/coreapi.py first seen with mtime 1756114605.7450793
File /usr/lib/python3.10/codecs.py first seen with mtime 1748365949.0
File /home/student/Desktop/moduleHub/ModuleHub/venv/lib/python3.10/site-packages/sqlparse/sql.py first seen with mtime 1756114601.992965
File /home/student/Desktop/moduleHub/ModuleHub/venv/lib/python3.10/site-packages/django/core/checks/commands.py first seen with mtime 1756114604.3810375
File /home/student/Desktop/moduleHub/ModuleHub/venv/lib/python3.10/site-packages/django/contrib/admin/__init__.py first seen with mtime 1756114603.747018
File /home/student/Desktop/moduleHub/ModuleHub/venv/lib/python3.10/site-packages/django/contrib/postgres/search.py first seen with mtime 1756114604.1910317
File /home/student/Desktop/moduleHub/ModuleHub/venv/lib/python3.10/site-packages/django/contrib/auth/password_validation.py first seen with mtime 1756114603.9320238
File /usr/lib/python3.10/asyncio/unix_events.py first seen with mtime 1748365949.0
File /usr/lib/python3.10/email/errors.py first seen with mtime 1748365949.0
File /usr/lib/python3.10/abc.py first seen with mtime 1748365949.0
File /home/student/Desktop/moduleHub/ModuleHub/venv/lib/python3.10/site-packages/rest_framework/checks.py first seen with mtime 1756114605.7170784
File /usr/lib/python3.10/lib-dynload/_multibytecodec.cpython-310-x86_64-linux-gnu.so first seen with mtime 1748365949.0
File /usr/lib/python3.10/_weakrefset.py first seen with mtime 1748365949.0
File /home/student/Desktop/moduleHub/ModuleHub/venv/lib/python3.10/site-packages/django/db/models/base.py first seen with mtime 1756114604.4180386
File /home/student/Desktop/moduleHub/ModuleHub/venv/lib/python3.10/site-packages/django/utils/dateparse.py first seen with mtime 1756114604.4680402
File /home/student/Desktop/moduleHub/ModuleHub/venv/lib/python3.10/site-packages/django/contrib/staticfiles/utils.py first seen with mtime 1756114604.3730373
File /home/student/Desktop/moduleHub/ModuleHub/venv/lib/python3.10/site-packages/django/core/files/uploadhandler.py first seen with mtime 1756114604.3850377
File /home/student/Desktop/moduleHub/ModuleHub/venv/lib/python3.10/site-packages/django/db/models/options.py first seen with mtime 1756114604.4210389
File /usr/lib/python3.10/glob.py first seen with mtime 1748365949.0
File /home/student/Desktop/moduleHub/ModuleHub/venv/lib/python3.10/site-packages/requests/api.py first seen with mtime 1756114603.47501
File /home/student/Desktop/moduleHub/ModuleHub/venv/lib/python3.10/site-packages/_cffi_backend.cpython-310-x86_64-linux-gnu.so first seen with mtime 1756114603.518011
File /home/student/Desktop/moduleHub/ModuleHub/venv/lib/python3.10/site-packages/django/db/models/lookups.py first seen with mtime 1756114604.4200387
File /usr/lib/python3.10/email/_parseaddr.py first seen with mtime 1748365949.0
File /home/student/Desktop/moduleHub/ModuleHub/venv/lib/python3.10/site-packages/django/db/backends/utils.py first seen with mtime 1756114604.399038
File /home/student/Desktop/moduleHub/ModuleHub/modules/models.py first seen with mtime 1756114259.5197558
File /home/student/Desktop/moduleHub/ModuleHub/venv/lib/python3.10/site-packages/crispy_forms/layout_slice.py first seen with mtime 1756114605.9150846
File /home/student/Desktop/moduleHub/ModuleHub/venv/lib/python3.10/site-packages/crispy_forms/exceptions.py first seen with mtime 1756114605.9140847
File /home/student/Desktop/moduleHub/ModuleHub/venv/lib/python3.10/site-packages/whitenoise/media_types.py first seen with mtime 1756114601.8029592
File /home/student/Desktop/moduleHub/ModuleHub/venv/lib/python3.10/site-packages/django/http/request.py first seen with mtime 1756114604.4520397
File /home/student/Desktop/moduleHub/ModuleHub/venv/lib/python3.10/site-packages/crispy_forms/templatetags/crispy_forms_filters.py first seen with mtime 1756114605.9160845
File /usr/lib/python3.10/importlib/metadata/__init__.py first seen with mtime 1748365949.0
File /home/student/Desktop/moduleHub/ModuleHub/venv/lib/python3.10/site-packages/django/contrib/staticfiles/__init__.py first seen with mtime 1756114604.3700373
File /home/student/Desktop/moduleHub/ModuleHub/venv/lib/python3.10/site-packages/django/core/files/images.py first seen with mtime 1756114604.3840377
File /home/student/Desktop/moduleHub/ModuleHub/venv/lib/python3.10/site-packages/django/contrib/admin/apps.py first seen with mtime 1756114603.747018
File /home/student/Desktop/moduleHub/ModuleHub/venv/lib/python3.10/site-packages/django/db/backends/__init__.py first seen with mtime 1756114604.399038
File /home/student/Desktop/moduleHub/ModuleHub/venv/lib/python3.10/site-packages/django/views/generic/edit.py first seen with mtime 1756114604.4800406
File /home/student/Desktop/moduleHub/ModuleHub/venv/lib/python3.10/site-packages/rest_framework/utils/breadcrumbs.py first seen with mtime 1756114605.7770803
File /home/student/Desktop/moduleHub/ModuleHub/core/forms.py first seen with mtime 1756114259.4747546
File /home/student/Desktop/moduleHub/ModuleHub/venv/lib/python3.10/site-packages/django/forms/forms.py first seen with mtime 1756114604.432039
File /home/student/Desktop/moduleHub/ModuleHub/venv/lib/python3.10/site-packages/pymysql/optionfile.py first seen with mtime 1756114602.8449907
File /home/student/Desktop/moduleHub/ModuleHub/venv/lib/python3.10/site-packages/django/views/defaults.py first seen with mtime 1756114604.4760404
File /usr/lib/python3.10/zoneinfo/_tzpath.py first seen with mtime 1748365949.0
File /home/student/Desktop/moduleHub/ModuleHub/venv/lib/python3.10/site-packages/django/db/models/signals.py first seen with mtime 1756114604.4220388
File /home/student/Desktop/moduleHub/ModuleHub/venv/lib/python3.10/site-packages/dotenv/main.py first seen with mtime 1756114602.81999
File /home/student/Desktop/moduleHub/ModuleHub/modules/__init__.py first seen with mtime 1756114259.518756
File /home/student/Desktop/moduleHub/ModuleHub/venv/lib/python3.10/site-packages/django/shortcuts.py first seen with mtime 1756114603.645015
File /usr/lib/python3.10/stringprep.py first seen with mtime 1748365949.0
File /usr/lib/python3.10/importlib/metadata/_meta.py first seen with mtime 1748365949.0
File /home/student/Desktop/moduleHub/ModuleHub/venv/lib/python3.10/site-packages/_distutils_hack/__init__.py first seen with mtime 1756114602.1559699
File /home/student/Desktop/moduleHub/ModuleHub/venv/lib/python3.10/site-packages/corsheaders/__init__.py first seen with mtime 1756114605.9410853
File /home/student/Desktop/moduleHub/ModuleHub/venv/lib/python3.10/site-packages/django/core/mail/message.py first seen with mtime 1756114604.3870378
File /home/student/Desktop/moduleHub/ModuleHub/venv/lib/python3.10/site-packages/urllib3/http2/__init__.py first seen with mtime 1756114601.8919618
File /usr/lib/python3.10/urllib/response.py first seen with mtime 1748365949.0
File /home/student/Desktop/moduleHub/ModuleHub/venv/lib/python3.10/site-packages/django/utils/version.py first seen with mtime 1756114604.4740405
File /home/student/Desktop/moduleHub/ModuleHub/venv/lib/python3.10/site-packages/django/contrib/staticfiles/apps.py first seen with mtime 1756114604.3710372
File /home/student/Desktop/moduleHub/ModuleHub/venv/lib/python3.10/site-packages/rest_framework/utils/encoders.py first seen with mtime 1756114605.7780805
File /home/student/Desktop/moduleHub/ModuleHub/venv/lib/python3.10/site-packages/django/utils/autoreload.py first seen with mtime 1756114604.46704
File /home/student/Desktop/moduleHub/ModuleHub/venv/lib/python3.10/site-packages/django/core/checks/security/__init__.py first seen with mtime 1756114604.3830376
File /home/student/Desktop/moduleHub/ModuleHub/venv/lib/python3.10/site-packages/django/db/models/query_utils.py first seen with mtime 1756114604.4220388
File /home/student/Desktop/moduleHub/ModuleHub/venv/lib/python3.10/site-packages/django/db/backends/mysql/base.py first seen with mtime 1756114604.4030383
File /home/student/Desktop/moduleHub/ModuleHub/venv/lib/python3.10/site-packages/django/template/loaders/app_directories.py first seen with mtime 1756114604.45904
File /usr/lib/python3.10/secrets.py first seen with mtime 1748365949.0
File /home/student/Desktop/moduleHub/ModuleHub/venv/lib/python3.10/site-packages/django/db/migrations/serializer.py first seen with mtime 1756114604.4150386
File /home/student/Desktop/moduleHub/ModuleHub/venv/lib/python3.10/site-packages/django/core/checks/security/csrf.py first seen with mtime 1756114604.3830376
File /home/student/Desktop/moduleHub/ModuleHub/venv/lib/python3.10/site-packages/django/contrib/admin/views/decorators.py first seen with mtime 1756114603.8830223
File /home/student/Desktop/moduleHub/ModuleHub/venv/lib/python3.10/site-packages/rest_framework/mixins.py first seen with mtime 1756114605.7190785
File /home/student/Desktop/moduleHub/ModuleHub/venv/lib/python3.10/site-packages/django/utils/inspect.py first seen with mtime 1756114604.4710402
File /home/student/Desktop/moduleHub/ModuleHub/venv/lib/python3.10/site-packages/certifi/__init__.py first seen with mtime 1756114603.4610095
File /home/student/Desktop/moduleHub/ModuleHub/venv/lib/python3.10/site-packages/django/db/backends/mysql/client.py first seen with mtime 1756114604.4030383
File /usr/lib/python3.10/asyncio/events.py first seen with mtime 1748365949.0
File /home/student/Desktop/moduleHub/ModuleHub/venv/lib/python3.10/site-packages/django/forms/widgets.py first seen with mtime 1756114604.4330392
File /home/student/Desktop/moduleHub/ModuleHub/venv/lib/python3.10/site-packages/django/templatetags/static.py first seen with mtime 1756114604.46104
File /home/student/Desktop/moduleHub/ModuleHub/modules/apps.py first seen with mtime 1756114259.518756
File /home/student/Desktop/moduleHub/ModuleHub/venv/lib/python3.10/site-packages/django/middleware/cache.py first seen with mtime 1756114604.4530396
File /home/student/Desktop/moduleHub/ModuleHub/venv/lib/python3.10/site-packages/django/utils/_os.py first seen with mtime 1756114604.4660401
File /home/student/Desktop/moduleHub/ModuleHub/venv/lib/python3.10/site-packages/django/db/models/sql/where.py first seen with mtime 1756114604.430039
File /home/student/Desktop/moduleHub/ModuleHub/venv/lib/python3.10/site-packages/urllib3/util/wait.py first seen with mtime 1756114601.894962
File /usr/lib/python3.10/lib-dynload/_uuid.cpython-310-x86_64-linux-gnu.so first seen with mtime 1748365949.0
File /usr/lib/python3.10/hmac.py first seen with mtime 1748365949.0
File /home/student/Desktop/moduleHub/ModuleHub/venv/lib/python3.10/site-packages/urllib3/__init__.py first seen with mtime 1756114601.8869617
File /home/student/Desktop/moduleHub/ModuleHub/venv/lib/python3.10/site-packages/django/utils/crypto.py first seen with mtime 1756114604.4680402
File /usr/lib/python3.10/subprocess.py first seen with mtime 1748365949.0
File /home/student/Desktop/moduleHub/ModuleHub/venv/lib/python3.10/site-packages/django/db/models/sql/constants.py first seen with mtime 1756114604.429039
File /usr/lib/python3.10/asyncio/trsock.py first seen with mtime 1748365949.0
File /home/student/Desktop/moduleHub/ModuleHub/venv/lib/python3.10/site-packages/requests/auth.py first seen with mtime 1756114603.4760098
File /usr/lib/python3.10/graphlib.py first seen with mtime 1748365949.0
File /usr/lib/python3.10/importlib/_abc.py first seen with mtime 1748365949.0
File /home/student/Desktop/moduleHub/ModuleHub/venv/lib/python3.10/site-packages/charset_normalizer/api.py first seen with mtime 1756114603.4250083
File /home/student/Desktop/moduleHub/ModuleHub/venv/lib/python3.10/site-packages/rest_framework/schemas/generators.py first seen with mtime 1756114605.7450793
File /home/student/Desktop/moduleHub/ModuleHub/venv/lib/python3.10/site-packages/pymysql/_auth.py first seen with mtime 1756114602.8429906
File /home/student/Desktop/moduleHub/ModuleHub/venv/lib/python3.10/site-packages/rest_framework/__init__.py first seen with mtime 1756114605.7170784
File /home/student/Desktop/moduleHub/ModuleHub/venv/lib/python3.10/site-packages/storages/__init__.py first seen with mtime 1756114605.8830836
File /home/student/Desktop/moduleHub/ModuleHub/venv/lib/python3.10/site-packages/django/core/cache/utils.py first seen with mtime 1756114604.3770375
File /home/student/Desktop/moduleHub/ModuleHub/venv/lib/python3.10/site-packages/django/core/checks/files.py first seen with mtime 1756114604.3810375
File /home/student/Desktop/moduleHub/ModuleHub/venv/lib/python3.10/site-packages/django/core/checks/database.py first seen with mtime 1756114604.3810375
File /home/student/Desktop/moduleHub/ModuleHub/venv/lib/python3.10/site-packages/django/contrib/admin/helpers.py first seen with mtime 1756114603.7490182
File /home/student/Desktop/moduleHub/ModuleHub/venv/lib/python3.10/site-packages/django/utils/decorators.py first seen with mtime 1756114604.4690402
File /home/student/Desktop/moduleHub/ModuleHub/venv/lib/python3.10/site-packages/django/db/models/fields/tuple_lookups.py first seen with mtime 1756114604.426039
File /home/student/Desktop/moduleHub/ModuleHub/venv/lib/python3.10/site-packages/django/utils/duration.py first seen with mtime 1756114604.4690402
File /usr/lib/python3.10/bisect.py first seen with mtime 1748365949.0
File /home/student/Desktop/moduleHub/ModuleHub/venv/lib/python3.10/site-packages/django/utils/functional.py first seen with mtime 1756114604.4700403
File /usr/lib/python3.10/email/generator.py first seen with mtime 1748365949.0
File /home/student/Desktop/moduleHub/ModuleHub/venv/lib/python3.10/site-packages/django/db/models/functions/comparison.py first seen with mtime 1756114604.426039
File /home/student/Desktop/moduleHub/ModuleHub/venv/lib/python3.10/site-packages/django/utils/translation/__init__.py first seen with mtime 1756114604.4750404
File /usr/lib/python3.10/lzma.py first seen with mtime 1748365949.0
File /home/student/Desktop/moduleHub/ModuleHub/venv/lib/python3.10/site-packages/cryptography/hazmat/primitives/serialization/__init__.py first seen with mtime 1756114605.5200725
File /home/student/Desktop/moduleHub/ModuleHub/venv/lib/python3.10/site-packages/charset_normalizer/md__mypyc.cpython-310-x86_64-linux-gnu.so first seen with mtime 1756114603.4290085
File /home/student/Desktop/moduleHub/ModuleHub/venv/lib/python3.10/site-packages/django/contrib/staticfiles/storage.py first seen with mtime 1756114604.3720372
File /home/student/Desktop/moduleHub/ModuleHub/venv/lib/python3.10/site-packages/django/views/generic/__init__.py first seen with mtime 1756114604.4790406
File /home/student/Desktop/moduleHub/ModuleHub/venv/lib/python3.10/site-packages/django/views/generic/dates.py first seen with mtime 1756114604.4790406
File /usr/lib/python3.10/html/__init__.py first seen with mtime 1748365949.0
File /home/student/Desktop/moduleHub/ModuleHub/venv/lib/python3.10/site-packages/requests/__init__.py first seen with mtime 1756114603.47501
File /usr/lib/python3.10/token.py first seen with mtime 1748365949.0
File /usr/lib/python3.10/encodings/idna.py first seen with mtime 1748365949.0
File /home/student/Desktop/moduleHub/ModuleHub/venv/lib/python3.10/site-packages/django/contrib/sites/__init__.py first seen with mtime 1756114604.3200357
File /home/student/Desktop/moduleHub/ModuleHub/venv/lib/python3.10/site-packages/django/core/files/locks.py first seen with mtime 1756114604.3840377
File /home/student/Desktop/moduleHub/ModuleHub/venv/lib/python3.10/site-packages/rest_framework/apps.py first seen with mtime 1756114605.7170784
File /home/student/Desktop/moduleHub/ModuleHub/venv/lib/python3.10/site-packages/django/core/files/base.py first seen with mtime 1756114604.3840377
File /home/student/Desktop/moduleHub/ModuleHub/modules/serializers.py first seen with mtime 1756114259.5197558
File /home/student/Desktop/moduleHub/ModuleHub/venv/lib/python3.10/site-packages/django/views/i18n.py first seen with mtime 1756114604.4770405
File /home/student/Desktop/moduleHub/ModuleHub/venv/lib/python3.10/site-packages/django/db/models/fields/files.py first seen with mtime 1756114604.4230387
File /usr/lib/python3.10/asyncio/protocols.py first seen with mtime 1748365949.0
File /home/student/Desktop/moduleHub/ModuleHub/venv/lib/python3.10/site-packages/django/utils/regex_helper.py first seen with mtime 1756114604.4730403
File /usr/lib/python3.10/email/mime/message.py first seen with mtime 1748365949.0
File /home/student/Desktop/moduleHub/ModuleHub/venv/lib/python3.10/site-packages/django/contrib/auth/signals.py first seen with mtime 1756114603.9320238
File /usr/lib/python3.10/zipfile.py first seen with mtime 1748365949.0
File /home/student/Desktop/moduleHub/ModuleHub/venv/lib/python3.10/site-packages/django/contrib/admin/sites.py first seen with mtime 1756114603.7500181
File /home/student/Desktop/moduleHub/ModuleHub/venv/lib/python3.10/site-packages/urllib3/_collections.py first seen with mtime 1756114601.8879619
File /home/student/Desktop/moduleHub/ModuleHub/venv/lib/python3.10/site-packages/django/core/handlers/__init__.py first seen with mtime 1756114604.3860376
File /usr/lib/python3.10/_compression.py first seen with mtime 1748365949.0
File /usr/lib/python3.10/asyncio/subprocess.py first seen with mtime 1748365949.0
File /home/student/Desktop/moduleHub/ModuleHub/venv/lib/python3.10/site-packages/django/utils/numberformat.py first seen with mtime 1756114604.4720404
File /home/student/Desktop/moduleHub/ModuleHub/venv/lib/python3.10/site-packages/django/template/defaulttags.py first seen with mtime 1756114604.45604
File /usr/lib/python3.10/posixpath.py first seen with mtime 1748365949.0
File /home/student/Desktop/moduleHub/ModuleHub/users/views.py first seen with mtime 1756130184.5481613
File /home/student/Desktop/moduleHub/ModuleHub/venv/lib/python3.10/site-packages/django/db/backends/base/base.py first seen with mtime 1756114604.4000382
File /usr/lib/python3.10/email/contentmanager.py first seen with mtime 1748365949.0
File /home/student/Desktop/moduleHub/ModuleHub/venv/lib/python3.10/site-packages/rest_framework/utils/field_mapping.py first seen with mtime 1756114605.7780805
File /home/student/Desktop/moduleHub/ModuleHub/venv/lib/python3.10/site-packages/cryptography/hazmat/primitives/asymmetric/rsa.py first seen with mtime 1756114605.5170724
File /usr/lib/python3.10/lib-dynload/_json.cpython-310-x86_64-linux-gnu.so first seen with mtime 1748365949.0
File /home/student/Desktop/moduleHub/ModuleHub/venv/lib/python3.10/site-packages/pymysql/cursors.py first seen with mtime 1756114602.8439908
File /home/student/Desktop/moduleHub/ModuleHub/users/admin.py first seen with mtime 1756114259.555757
File /home/student/Desktop/moduleHub/ModuleHub/venv/lib/python3.10/site-packages/pymysql/constants/CLIENT.py first seen with mtime 1756114602.8449907
File /usr/lib/python3.10/html/parser.py first seen with mtime 1748365949.0
File /home/student/Desktop/moduleHub/ModuleHub/venv/lib/python3.10/site-packages/django/core/management/commands/makemigrations.py first seen with mtime 1756114604.3930378
File /home/student/Desktop/moduleHub/ModuleHub/venv/lib/python3.10/site-packages/django/db/backends/base/client.py first seen with mtime 1756114604.4000382
File /usr/lib/python3.10/asyncio/base_events.py first seen with mtime 1748365949.0
File /home/student/Desktop/moduleHub/ModuleHub/venv/lib/python3.10/site-packages/django/core/mail/__init__.py first seen with mtime 1756114604.3870378
File /home/student/Desktop/moduleHub/ModuleHub/venv/lib/python3.10/site-packages/django/template/__init__.py first seen with mtime 1756114604.4540398
File /home/student/Desktop/moduleHub/ModuleHub/venv/lib/python3.10/site-packages/urllib3/contrib/__init__.py first seen with mtime 1756114601.889962
File /home/student/Desktop/moduleHub/ModuleHub/venv/lib/python3.10/site-packages/cryptography/__about__.py first seen with mtime 1756114605.43807
File /usr/lib/python3.10/importlib/metadata/_adapters.py first seen with mtime 1748365949.0
File /home/student/Desktop/moduleHub/ModuleHub/moduleHub/urls.py first seen with mtime 1756133252.4756591
File /home/student/Desktop/moduleHub/ModuleHub/venv/lib/python3.10/site-packages/django/core/serializers/json.py first seen with mtime 1756114604.396038
File /home/student/Desktop/moduleHub/ModuleHub/venv/lib/python3.10/site-packages/crispy_forms/utils.py first seen with mtime 1756114605.9150846
File /home/student/Desktop/moduleHub/ModuleHub/venv/lib/python3.10/site-packages/django/db/models/indexes.py first seen with mtime 1756114604.4200387
File /home/student/Desktop/moduleHub/ModuleHub/venv/lib/python3.10/site-packages/django/contrib/admin/widgets.py first seen with mtime 1756114603.7510183
File /home/student/Desktop/moduleHub/ModuleHub/venv/lib/python3.10/site-packages/django/utils/dateformat.py first seen with mtime 1756114604.4680402
File /home/student/Desktop/moduleHub/ModuleHub/venv/lib/python3.10/site-packages/django/utils/deprecation.py first seen with mtime 1756114604.4690402
File /usr/lib/python3.10/_compat_pickle.py first seen with mtime 1748365949.0
File /home/student/Desktop/moduleHub/ModuleHub/venv/lib/python3.10/site-packages/charset_normalizer/models.py first seen with mtime 1756114603.4290085
File /usr/lib/python3.10/lib-dynload/_ssl.cpython-310-x86_64-linux-gnu.so first seen with mtime 1748365949.0
File /home/student/Desktop/moduleHub/ModuleHub/venv/lib/python3.10/site-packages/django/contrib/auth/validators.py first seen with mtime 1756114603.9330237
File /usr/lib/python3.10/lib-dynload/_lzma.cpython-310-x86_64-linux-gnu.so first seen with mtime 1748365949.0
File /home/student/Desktop/moduleHub/ModuleHub/venv/lib/python3.10/site-packages/django/forms/fields.py first seen with mtime 1756114604.432039
File /home/student/Desktop/moduleHub/ModuleHub/venv/lib/python3.10/site-packages/rest_framework/serializers.py first seen with mtime 1756114605.7220786
File /usr/lib/python3.10/asyncio/base_tasks.py first seen with mtime 1748365949.0
File /usr/lib/python3.10/zoneinfo/__init__.py first seen with mtime 1748365949.0
File /usr/lib/python3.10/asyncio/tasks.py first seen with mtime 1748365949.0
File /home/student/Desktop/moduleHub/ModuleHub/venv/lib/python3.10/site-packages/django/contrib/staticfiles/handlers.py first seen with mtime 1756114604.3720372
File /home/student/Desktop/moduleHub/ModuleHub/venv/lib/python3.10/site-packages/django/utils/translation/reloader.py first seen with mtime 1756114604.4750404
File /home/student/Desktop/moduleHub/ModuleHub/venv/lib/python3.10/site-packages/urllib3/util/util.py first seen with mtime 1756114601.894962
File /home/student/Desktop/moduleHub/ModuleHub/venv/lib/python3.10/site-packages/charset_normalizer/utils.py first seen with mtime 1756114603.4290085
File /home/student/Desktop/moduleHub/ModuleHub/venv/lib/python3.10/site-packages/crispy_forms/__init__.py first seen with mtime 1756114605.9140847
File /usr/lib/python3.10/contextlib.py first seen with mtime 1748365949.0
File /usr/lib/python3.10/email/iterators.py first seen with mtime 1748365949.0
File /home/student/Desktop/moduleHub/ModuleHub/venv/lib/python3.10/site-packages/dotenv/variables.py first seen with mtime 1756114602.82099
File /home/student/Desktop/moduleHub/ModuleHub/venv/lib/python3.10/site-packages/cryptography/hazmat/decrepit/ciphers/__init__.py first seen with mtime 1756114605.5140722
File /home/student/Desktop/moduleHub/ModuleHub/venv/lib/python3.10/site-packages/django/contrib/contenttypes/management/__init__.py first seen with mtime 1756114604.0300267
File /usr/lib/python3.10/csv.py first seen with mtime 1748365949.0
File /usr/lib/python3.10/fnmatch.py first seen with mtime 1748365949.0
File /home/student/Desktop/moduleHub/ModuleHub/venv/lib/python3.10/site-packages/cryptography/utils.py first seen with mtime 1756114605.43907
File /home/student/Desktop/moduleHub/ModuleHub/venv/lib/python3.10/site-packages/django/views/decorators/cache.py first seen with mtime 1756114604.4770405
File /home/student/Desktop/moduleHub/ModuleHub/venv/lib/python3.10/site-packages/charset_normalizer/__init__.py first seen with mtime 1756114603.4250083
File /usr/lib/python3.10/importlib/__init__.py first seen with mtime 1748365949.0
File /home/student/Desktop/moduleHub/ModuleHub/venv/lib/python3.10/site-packages/rest_framework/relations.py first seen with mtime 1756114605.7200787
File /usr/lib/python3.10/__future__.py first seen with mtime 1748365949.0
File /home/student/Desktop/moduleHub/ModuleHub/venv/lib/python3.10/site-packages/django/contrib/staticfiles/management/commands/__init__.py first seen with mtime 1756114604.3730373
File /home/student/Desktop/moduleHub/ModuleHub/venv/lib/python3.10/site-packages/django/core/checks/compatibility/__init__.py first seen with mtime 1756114604.3820376
File /home/student/Desktop/moduleHub/ModuleHub/venv/lib/python3.10/site-packages/django/utils/lorem_ipsum.py first seen with mtime 1756114604.4720404
File /home/student/Desktop/moduleHub/ModuleHub/venv/lib/python3.10/site-packages/django/contrib/admin/filters.py first seen with mtime 1756114603.748018
File /home/student/Desktop/moduleHub/ModuleHub/venv/lib/python3.10/site-packages/sqlparse/tokens.py first seen with mtime 1756114601.992965
File /home/student/Desktop/moduleHub/ModuleHub/venv/lib/python3.10/site-packages/django/utils/http.py first seen with mtime 1756114604.4710402
File /home/student/Desktop/moduleHub/ModuleHub/venv/lib/python3.10/site-packages/django/core/checks/security/base.py first seen with mtime 1756114604.3830376
File /home/student/Desktop/moduleHub/ModuleHub/venv/lib/python3.10/site-packages/rest_framework/parsers.py first seen with mtime 1756114605.7200787
File /home/student/Desktop/moduleHub/ModuleHub/venv/lib/python3.10/site-packages/django/core/checks/templates.py first seen with mtime 1756114604.3820376
File /home/student/Desktop/moduleHub/ModuleHub/venv/lib/python3.10/site-packages/django/db/backends/mysql/validation.py first seen with mtime 1756114604.4050384
File /home/student/Desktop/moduleHub/ModuleHub/venv/lib/python3.10/site-packages/rest_framework/utils/serializer_helpers.py first seen with mtime 1756114605.7790804
File /home/student/Desktop/moduleHub/ModuleHub/venv/lib/python3.10/site-packages/django/core/checks/registry.py first seen with mtime 1756114604.3820376
File /usr/lib/python3.10/argparse.py first seen with mtime 1748365949.0
File /home/student/Desktop/moduleHub/ModuleHub/venv/lib/python3.10/site-packages/django/utils/formats.py first seen with mtime 1756114604.4700403
File /home/student/Desktop/moduleHub/ModuleHub/venv/lib/python3.10/site-packages/rest_framework/permissions.py first seen with mtime 1756114605.7200787
File /home/student/Desktop/moduleHub/ModuleHub/users/urls.py first seen with mtime 1756133505.8060308
File /home/student/Desktop/moduleHub/ModuleHub/venv/lib/python3.10/site-packages/django/db/models/sql/__init__.py first seen with mtime 1756114604.428039
File /home/student/Desktop/moduleHub/ModuleHub/venv/lib/python3.10/site-packages/requests/exceptions.py first seen with mtime 1756114603.47701
File /home/student/Desktop/moduleHub/ModuleHub/venv/lib/python3.10/site-packages/django/utils/html.py first seen with mtime 1756114604.4710402
File /home/student/Desktop/moduleHub/ModuleHub/venv/lib/python3.10/site-packages/cryptography/hazmat/primitives/asymmetric/ed25519.py first seen with mtime 1756114605.5170724
File /usr/lib/python3.10/importlib/metadata/_itertools.py first seen with mtime 1748365949.0
File /usr/lib/python3.10/dis.py first seen with mtime 1748365949.0
File /home/student/Desktop/moduleHub/ModuleHub/venv/lib/python3.10/site-packages/django/contrib/admin/views/__init__.py first seen with mtime 1756114603.8830223
File /home/student/Desktop/moduleHub/ModuleHub/venv/lib/python3.10/site-packages/django/db/models/expressions.py first seen with mtime 1756114604.4190388
File /home/student/Desktop/moduleHub/ModuleHub/venv/lib/python3.10/site-packages/django/db/models/query.py first seen with mtime 1756114604.4210389
File /usr/lib/python3.10/keyword.py first seen with mtime 1748365949.0
File /usr/lib/python3.10/ntpath.py first seen with mtime 1748365949.0
File /home/student/Desktop/moduleHub/ModuleHub/venv/lib/python3.10/site-packages/django/core/files/move.py first seen with mtime 1756114604.3840377
File /usr/lib/python3.10/contextvars.py first seen with mtime 1748365949.0
File /home/student/Desktop/moduleHub/ModuleHub/venv/lib/python3.10/site-packages/django/contrib/messages/apps.py first seen with mtime 1756114604.1880317
File /home/student/Desktop/moduleHub/ModuleHub/venv/lib/python3.10/site-packages/django/core/wsgi.py first seen with mtime 1756114604.3770375
File /home/student/Desktop/moduleHub/ModuleHub/venv/lib/python3.10/site-packages/corsheaders/signals.py first seen with mtime 1756114605.9420855
File /home/student/Desktop/moduleHub/ModuleHub/venv/lib/python3.10/site-packages/django/contrib/__init__.py first seen with mtime 1756114603.747018
File /home/student/Desktop/moduleHub/ModuleHub/venv/lib/python3.10/site-packages/django/utils/module_loading.py first seen with mtime 1756114604.4720404
File /home/student/Desktop/moduleHub/ModuleHub/venv/lib/python3.10/site-packages/whitenoise/middleware.py first seen with mtime 1756114601.8029592
File /home/student/Desktop/moduleHub/ModuleHub/venv/lib/python3.10/site-packages/urllib3/response.py first seen with mtime 1756114601.889962
File /usr/lib/python3.10/shutil.py first seen with mtime 1748365949.0
File /home/student/Desktop/moduleHub/ModuleHub/venv/lib/python3.10/site-packages/django/contrib/sessions/base_session.py first seen with mtime 1756114604.270034
File /usr/lib/python3.10/importlib/readers.py first seen with mtime 1748365949.0
File /home/student/Desktop/moduleHub/ModuleHub/venv/lib/python3.10/site-packages/django/template/loader.py first seen with mtime 1756114604.4570398
File /home/student/Desktop/moduleHub/ModuleHub/venv/lib/python3.10/site-packages/django/templatetags/tz.py first seen with mtime 1756114604.46104
File /home/student/Desktop/moduleHub/ModuleHub/venv/lib/python3.10/site-packages/urllib3/util/timeout.py first seen with mtime 1756114601.894962
File /home/student/Desktop/moduleHub/ModuleHub/venv/lib/python3.10/site-packages/rest_framework/metadata.py first seen with mtime 1756114605.7190785
File /usr/lib/python3.10/collections/__init__.py first seen with mtime 1748365949.0
File /home/student/Desktop/moduleHub/ModuleHub/venv/lib/python3.10/site-packages/cryptography/hazmat/primitives/asymmetric/utils.py first seen with mtime 1756114605.5180724
File /home/student/Desktop/moduleHub/ModuleHub/venv/lib/python3.10/site-packages/django/core/files/storage/memory.py first seen with mtime 1756114604.3860376
File /home/student/Desktop/moduleHub/ModuleHub/venv/lib/python3.10/site-packages/sqlparse/lexer.py first seen with mtime 1756114601.9919648
File /usr/lib/python3.10/numbers.py first seen with mtime 1748365949.0
File /usr/lib/python3.10/email/encoders.py first seen with mtime 1748365949.0
File /home/student/Desktop/moduleHub/ModuleHub/venv/lib/python3.10/site-packages/django/utils/encoding.py first seen with mtime 1756114604.4690402
File /home/student/Desktop/moduleHub/ModuleHub/venv/lib/python3.10/site-packages/rest_framework/response.py first seen with mtime 1756114605.7210786
File /usr/lib/python3.10/encodings/__init__.py first seen with mtime 1748365949.0
File /home/student/Desktop/moduleHub/ModuleHub/venv/lib/python3.10/site-packages/django/contrib/sessions/apps.py first seen with mtime 1756114604.270034
File /home/student/Desktop/moduleHub/ModuleHub/venv/lib/python3.10/site-packages/django/core/handlers/exception.py first seen with mtime 1756114604.3870378
File /home/student/Desktop/moduleHub/ModuleHub/venv/lib/python3.10/site-packages/django/contrib/admin/templatetags/log.py first seen with mtime 1756114603.8830223
File /usr/lib/python3.10/asyncio/exceptions.py first seen with mtime 1748365949.0
File /home/student/Desktop/moduleHub/ModuleHub/venv/lib/python3.10/site-packages/cryptography/hazmat/primitives/asymmetric/__init__.py first seen with mtime 1756114605.5160723
File /home/student/Desktop/moduleHub/ModuleHub/venv/lib/python3.10/site-packages/django/core/servers/__init__.py first seen with mtime 1756114604.397038
File /home/student/Desktop/moduleHub/ModuleHub/venv/lib/python3.10/site-packages/django/utils/dates.py first seen with mtime 1756114604.4680402
File /home/student/Desktop/moduleHub/ModuleHub/venv/lib/python3.10/site-packages/charset_normalizer/md.cpython-310-x86_64-linux-gnu.so first seen with mtime 1756114603.4270084
File /usr/lib/python3.10/bz2.py first seen with mtime 1748365949.0
File /usr/lib/python3.10/email/_header_value_parser.py first seen with mtime 1748365949.0
File /usr/lib/python3.10/email/base64mime.py first seen with mtime 1748365949.0
File /home/student/Desktop/moduleHub/ModuleHub/venv/lib/python3.10/site-packages/django/forms/renderers.py first seen with mtime 1756114604.4330392
File /home/student/Desktop/moduleHub/ModuleHub/venv/lib/python3.10/site-packages/cryptography/hazmat/primitives/serialization/base.py first seen with mtime 1756114605.5210724
File /home/student/Desktop/moduleHub/ModuleHub/venv/lib/python3.10/site-packages/urllib3/http2/probe.py first seen with mtime 1756114601.892962
File /home/student/Desktop/moduleHub/ModuleHub/venv/lib/python3.10/site-packages/django/views/generic/base.py first seen with mtime 1756114604.4790406
File /usr/lib/python3.10/uuid.py first seen with mtime 1748365949.0
File /usr/lib/python3.10/threading.py first seen with mtime 1748365949.0
File /usr/lib/python3.10/warnings.py first seen with mtime 1748365949.0
File /home/student/Desktop/moduleHub/ModuleHub/venv/lib/python3.10/site-packages/urllib3/util/request.py first seen with mtime 1756114601.892962
File /home/student/Desktop/moduleHub/ModuleHub/venv/lib/python3.10/site-packages/django/contrib/contenttypes/models.py first seen with mtime 1756114603.9940257
File /home/student/Desktop/moduleHub/ModuleHub/venv/lib/python3.10/site-packages/cryptography/hazmat/primitives/_asymmetric.py first seen with mtime 1756114605.5150723
File /home/student/Desktop/moduleHub/ModuleHub/venv/lib/python3.10/site-packages/django/contrib/auth/management/__init__.py first seen with mtime 1756114603.9900255
File /home/student/Desktop/moduleHub/ModuleHub/venv/lib/python3.10/site-packages/django/db/backends/mysql/schema.py first seen with mtime 1756114604.4040382
File /home/student/Desktop/moduleHub/ModuleHub/venv/lib/python3.10/site-packages/django/middleware/__init__.py first seen with mtime 1756114604.4520397
File /home/student/Desktop/moduleHub/ModuleHub/venv/lib/python3.10/site-packages/django/contrib/admin/actions.py first seen with mtime 1756114603.747018
File /usr/lib/python3.10/email/mime/text.py first seen with mtime 1748365949.0
File /usr/lib/python3.10/quopri.py first seen with mtime 1748365949.0
File /usr/lib/python3.10/tempfile.py first seen with mtime 1748365949.0
File /home/student/Desktop/moduleHub/ModuleHub/venv/lib/python3.10/site-packages/django/middleware/csrf.py first seen with mtime 1756114604.4530396
File /home/student/Desktop/moduleHub/ModuleHub/venv/lib/python3.10/site-packages/django/utils/safestring.py first seen with mtime 1756114604.4730403
File /home/student/Desktop/moduleHub/ModuleHub/venv/lib/python3.10/site-packages/django/views/generic/detail.py first seen with mtime 1756114604.4800406
File /usr/lib/python3.10/importlib/machinery.py first seen with mtime 1748365949.0
File /usr/lib/python3.10/email/mime/multipart.py first seen with mtime 1748365949.0
File /usr/lib/python3.10/asyncio/constants.py first seen with mtime 1748365949.0
File /home/student/Desktop/moduleHub/ModuleHub/venv/lib/python3.10/site-packages/cryptography/hazmat/primitives/hashes.py first seen with mtime 1756114605.5150723
File /home/student/Desktop/moduleHub/ModuleHub/venv/lib/python3.10/site-packages/django/apps/__init__.py first seen with mtime 1756114603.645015
File /usr/lib/python3.10/asyncio/staggered.py first seen with mtime 1748365949.0
File /home/student/Desktop/moduleHub/ModuleHub/venv/lib/python3.10/site-packages/django/contrib/contenttypes/__init__.py first seen with mtime 1756114603.9930255
File /home/student/Desktop/moduleHub/ModuleHub/venv/lib/python3.10/site-packages/django/core/handlers/base.py first seen with mtime 1756114604.3860376
File /usr/lib/python3.10/wsgiref/__init__.py first seen with mtime 1748365949.0
File /home/student/Desktop/moduleHub/ModuleHub/venv/lib/python3.10/site-packages/django/apps/config.py first seen with mtime 1756114603.645015
File /home/student/Desktop/moduleHub/ModuleHub/venv/lib/python3.10/site-packages/django/utils/text.py first seen with mtime 1756114604.4730403
File /home/student/Desktop/moduleHub/ModuleHub/venv/lib/python3.10/site-packages/django/contrib/messages/storage/base.py first seen with mtime 1756114604.1890316
File /home/student/Desktop/moduleHub/ModuleHub/venv/lib/python3.10/site-packages/django/db/backends/base/validation.py first seen with mtime 1756114604.402038
File /usr/lib/python3.10/struct.py first seen with mtime 1748365949.0
File /home/student/Desktop/moduleHub/ModuleHub/venv/lib/python3.10/site-packages/cryptography/hazmat/__init__.py first seen with mtime 1756114605.43907
File /home/student/Desktop/moduleHub/ModuleHub/venv/lib/python3.10/site-packages/django/db/models/fields/related_lookups.py first seen with mtime 1756114604.4250388
File /home/student/Desktop/moduleHub/ModuleHub/venv/lib/python3.10/site-packages/urllib3/filepost.py first seen with mtime 1756114601.8889618
File /home/student/Desktop/moduleHub/ModuleHub/venv/lib/python3.10/site-packages/cryptography/hazmat/primitives/_cipheralgorithm.py first seen with mtime 1756114605.5150723
File /home/student/Desktop/moduleHub/ModuleHub/venv/lib/python3.10/site-packages/django/contrib/admin/templatetags/admin_list.py first seen with mtime 1756114603.8820221
File /usr/lib/python3.10/selectors.py first seen with mtime 1748365949.0
File /home/student/Desktop/moduleHub/ModuleHub/venv/lib/python3.10/site-packages/django/template/loaders/filesystem.py first seen with mtime 1756114604.4600399
File /home/student/Desktop/moduleHub/ModuleHub/venv/lib/python3.10/site-packages/sqlparse/keywords.py first seen with mtime 1756114601.9919648
File /home/student/Desktop/moduleHub/ModuleHub/venv/lib/python3.10/site-packages/django/utils/termcolors.py first seen with mtime 1756114604.4730403
File /home/student/Desktop/moduleHub/ModuleHub/venv/lib/python3.10/site-packages/django/template/response.py first seen with mtime 1756114604.4570398
File /home/student/Desktop/moduleHub/ModuleHub/venv/lib/python3.10/site-packages/cryptography/hazmat/primitives/ciphers/__init__.py first seen with mtime 1756114605.5180724
File /usr/lib/python3.10/asyncio/base_subprocess.py first seen with mtime 1748365949.0
File /home/student/Desktop/moduleHub/ModuleHub/venv/lib/python3.10/site-packages/django/core/management/utils.py first seen with mtime 1756114604.3900378
File /home/student/Desktop/moduleHub/ModuleHub/venv/lib/python3.10/site-packages/django/template/base.py first seen with mtime 1756114604.4550397
File /home/student/Desktop/moduleHub/ModuleHub/venv/lib/python3.10/site-packages/idna/core.py first seen with mtime 1756114603.349006
File /usr/lib/python3.10/http/server.py first seen with mtime 1748365949.0
File /home/student/Desktop/moduleHub/ModuleHub/venv/lib/python3.10/site-packages/django/utils/cache.py first seen with mtime 1756114604.46704
File /home/student/Desktop/moduleHub/ModuleHub/venv/lib/python3.10/site-packages/rest_framework/utils/html.py first seen with mtime 1756114605.7780805
File /home/student/Desktop/moduleHub/ModuleHub/venv/lib/python3.10/site-packages/rest_framework/validators.py first seen with mtime 1756114605.7230787
File /home/student/Desktop/moduleHub/ModuleHub/venv/lib/python3.10/site-packages/rest_framework/templatetags/__init__.py first seen with mtime 1756114605.7770803
File /usr/lib/python3.10/importlib/metadata/_text.py first seen with mtime 1748365949.0
File /usr/lib/python3.10/typing.py first seen with mtime 1748365949.0
File /home/student/Desktop/moduleHub/ModuleHub/venv/lib/python3.10/site-packages/django/contrib/contenttypes/apps.py first seen with mtime 1756114603.9930255
File /usr/lib/python3.10/http/cookiejar.py first seen with mtime 1748365949.0
File /home/student/Desktop/moduleHub/ModuleHub/venv/lib/python3.10/site-packages/sqlparse/engine/filter_stack.py first seen with mtime 1756114601.992965
File /home/student/Desktop/moduleHub/ModuleHub/venv/lib/python3.10/site-packages/django/core/checks/translation.py first seen with mtime 1756114604.3820376
File /usr/lib/python3.10/getpass.py first seen with mtime 1748365949.0
File /usr/lib/python3.10/asyncio/selector_events.py first seen with mtime 1748365949.0
File /home/student/Desktop/moduleHub/ModuleHub/venv/lib/python3.10/site-packages/django/db/migrations/loader.py first seen with mtime 1756114604.4140387
File /home/student/Desktop/moduleHub/ModuleHub/venv/lib/python3.10/site-packages/django/conf/urls/__init__.py first seen with mtime 1756114603.7460182
File /home/student/Desktop/moduleHub/ModuleHub/venv/lib/python3.10/site-packages/charset_normalizer/cd.py first seen with mtime 1756114603.4260085
File /home/student/Desktop/moduleHub/ModuleHub/venv/lib/python3.10/site-packages/django/core/management/__init__.py first seen with mtime 1756114604.3890378
File /home/student/Desktop/moduleHub/ModuleHub/venv/lib/python3.10/site-packages/django/db/models/enums.py first seen with mtime 1756114604.4190388
File /home/student/Desktop/moduleHub/ModuleHub/venv/lib/python3.10/site-packages/django/contrib/auth/tokens.py first seen with mtime 1756114603.9320238
File /usr/lib/python3.10/hashlib.py first seen with mtime 1748365949.0
File /home/student/Desktop/moduleHub/ModuleHub/venv/lib/python3.10/site-packages/django/core/checks/urls.py first seen with mtime 1756114604.3820376
File /usr/lib/python3.10/_sysconfigdata__x86_64-linux-gnu.py first seen with mtime 1748365949.0
File /home/student/Desktop/moduleHub/ModuleHub/venv/lib/python3.10/site-packages/django/db/models/functions/text.py first seen with mtime 1756114604.427039
File /home/student/Desktop/moduleHub/ModuleHub/venv/lib/python3.10/site-packages/django/db/backends/ddl_references.py first seen with mtime 1756114604.399038
File /home/student/Desktop/moduleHub/ModuleHub/venv/lib/python3.10/site-packages/crispy_forms/base.py first seen with mtime 1756114605.9140847
File /usr/lib/python3.10/importlib/_adapters.py first seen with mtime 1748365949.0
File /usr/lib/python3.10/lib-dynload/_bz2.cpython-310-x86_64-linux-gnu.so first seen with mtime 1748365949.0
File /home/student/Desktop/moduleHub/ModuleHub/venv/lib/python3.10/site-packages/whitenoise/base.py first seen with mtime 1756114601.8019593
File /home/student/Desktop/moduleHub/ModuleHub/venv/lib/python3.10/site-packages/corsheaders/apps.py first seen with mtime 1756114605.9410853
File /home/student/Desktop/moduleHub/ModuleHub/venv/lib/python3.10/site-packages/django/core/signing.py first seen with mtime 1756114604.3760374
File /home/student/Desktop/moduleHub/ModuleHub/venv/lib/python3.10/site-packages/django/db/models/fields/generated.py first seen with mtime 1756114604.4230387
File /home/student/Desktop/moduleHub/ModuleHub/venv/lib/python3.10/site-packages/pymysql/connections.py first seen with mtime 1756114602.8439908
File /usr/lib/python3.10/importlib/resources.py first seen with mtime 1748365949.0
File /home/student/Desktop/moduleHub/ModuleHub/manage.py first seen with mtime 1756114259.487755
File /usr/lib/python3.10/importlib/metadata/_collections.py first seen with mtime 1748365949.0
File /usr/lib/python3.10/ssl.py first seen with mtime 1748365949.0
File /home/student/Desktop/moduleHub/ModuleHub/venv/lib/python3.10/site-packages/django/db/migrations/exceptions.py first seen with mtime 1756114604.4130385
File /home/student/Desktop/moduleHub/ModuleHub/venv/lib/python3.10/site-packages/django/contrib/auth/forms.py first seen with mtime 1756114603.9310238
File /usr/lib/python3.10/lib-dynload/_queue.cpython-310-x86_64-linux-gnu.so first seen with mtime 1748365949.0
File /home/student/Desktop/moduleHub/ModuleHub/venv/lib/python3.10/site-packages/django/dispatch/__init__.py first seen with mtime 1756114604.430039
File /usr/lib/python3.10/email/headerregistry.py first seen with mtime 1748365949.0
File /home/student/Desktop/moduleHub/ModuleHub/venv/lib/python3.10/site-packages/urllib3/fields.py first seen with mtime 1756114601.8889618
File /home/student/Desktop/moduleHub/ModuleHub/venv/lib/python3.10/site-packages/django/core/serializers/__init__.py first seen with mtime 1756114604.396038
File /home/student/Desktop/moduleHub/ModuleHub/venv/lib/python3.10/site-packages/pymysql/protocol.py first seen with mtime 1756114602.8449907
File /home/student/Desktop/moduleHub/ModuleHub/venv/lib/python3.10/site-packages/requests/models.py first seen with mtime 1756114603.47701
File /home/student/Desktop/moduleHub/ModuleHub/venv/lib/python3.10/site-packages/django/db/models/deletion.py first seen with mtime 1756114604.4190388
File /home/student/Desktop/moduleHub/ModuleHub/venv/lib/python3.10/site-packages/django/db/migrations/operations/fields.py first seen with mtime 1756114604.4160385
File /home/student/Desktop/moduleHub/ModuleHub/venv/lib/python3.10/site-packages/django/db/backends/base/schema.py first seen with mtime 1756114604.402038
File /home/student/Desktop/moduleHub/ModuleHub/venv/lib/python3.10/site-packages/django/core/checks/model_checks.py first seen with mtime 1756114604.3820376
File /home/student/Desktop/moduleHub/ModuleHub/venv/lib/python3.10/site-packages/django/contrib/postgres/__init__.py first seen with mtime 1756114604.1900318
File /home/student/Desktop/moduleHub/ModuleHub/venv/lib/python3.10/site-packages/django/contrib/admin/templatetags/admin_urls.py first seen with mtime 1756114603.8830223
File /home/student/Desktop/moduleHub/ModuleHub/venv/lib/python3.10/site-packages/django/db/migrations/recorder.py first seen with mtime 1756114604.4140387
File /home/student/Desktop/moduleHub/ModuleHub/venv/lib/python3.10/site-packages/requests/utils.py first seen with mtime 1756114603.4790099
File /home/student/Desktop/moduleHub/ModuleHub/venv/lib/python3.10/site-packages/rest_framework/fields.py first seen with mtime 1756114605.7180786
File /home/student/Desktop/moduleHub/ModuleHub/venv/lib/python3.10/site-packages/django/contrib/auth/hashers.py first seen with mtime 1756114603.9310238
File /home/student/Desktop/moduleHub/ModuleHub/venv/lib/python3.10/site-packages/django/template/engine.py first seen with mtime 1756114604.45604
File /home/student/Desktop/moduleHub/ModuleHub/venv/lib/python3.10/site-packages/django/core/exceptions.py first seen with mtime 1756114604.3760374
File /home/student/Desktop/moduleHub/ModuleHub/venv/lib/python3.10/site-packages/rest_framework/compat.py first seen with mtime 1756114605.7170784
File /home/student/Desktop/moduleHub/ModuleHub/venv/lib/python3.10/site-packages/django/utils/translation/trans_real.py first seen with mtime 1756114604.4750404
File /home/student/Desktop/moduleHub/ModuleHub/venv/lib/python3.10/site-packages/django/db/models/functions/json.py first seen with mtime 1756114604.427039
File /home/student/Desktop/moduleHub/ModuleHub/venv/lib/python3.10/site-packages/asgiref/local.py first seen with mtime 1756114603.5820131
File /home/student/Desktop/moduleHub/ModuleHub/venv/lib/python3.10/site-packages/django/contrib/auth/decorators.py first seen with mtime 1756114603.9300237
File /home/student/Desktop/moduleHub/ModuleHub/venv/lib/python3.10/site-packages/django/contrib/admindocs/views.py first seen with mtime 1756114603.8850224
File /home/student/Desktop/moduleHub/ModuleHub/venv/lib/python3.10/site-packages/django/db/backends/postgresql/__init__.py first seen with mtime 1756114604.4080384
File /home/student/Desktop/moduleHub/ModuleHub/venv/lib/python3.10/site-packages/django/templatetags/i18n.py first seen with mtime 1756114604.46104
File /usr/lib/python3.10/zoneinfo/_common.py first seen with mtime 1748365949.0
File /usr/lib/python3.10/logging/__init__.py first seen with mtime 1748365949.0
File /home/student/Desktop/moduleHub/ModuleHub/venv/lib/python3.10/site-packages/django/db/models/fields/reverse_related.py first seen with mtime 1756114604.426039
File /home/student/Desktop/moduleHub/ModuleHub/venv/lib/python3.10/site-packages/django/contrib/sites/shortcuts.py first seen with mtime 1756114604.3220358
File /usr/lib/python3.10/email/feedparser.py first seen with mtime 1748365949.0
File /home/student/Desktop/moduleHub/ModuleHub/venv/lib/python3.10/site-packages/pymysql/constants/SERVER_STATUS.py first seen with mtime 1756114602.845991
File /home/student/Desktop/moduleHub/ModuleHub/venv/lib/python3.10/site-packages/corsheaders/defaults.py first seen with mtime 1756114605.9420855
File /home/student/Desktop/moduleHub/ModuleHub/venv/lib/python3.10/site-packages/django/db/transaction.py first seen with mtime 1756114604.3980381
File /home/student/Desktop/moduleHub/ModuleHub/venv/lib/python3.10/site-packages/rest_framework/request.py first seen with mtime 1756114605.7210786
File /home/student/Desktop/moduleHub/ModuleHub/venv/lib/python3.10/site-packages/crispy_forms/templatetags/__init__.py first seen with mtime 1756114605.9160845
File /usr/lib/python3.10/logging/config.py first seen with mtime 1748365949.0
File /home/student/Desktop/moduleHub/ModuleHub/venv/lib/python3.10/site-packages/django/db/models/functions/datetime.py first seen with mtime 1756114604.426039
File /home/student/Desktop/moduleHub/ModuleHub/venv/lib/python3.10/site-packages/rest_framework/status.py first seen with mtime 1756114605.7220786
File /home/student/Desktop/moduleHub/ModuleHub/venv/lib/python3.10/site-packages/sqlparse/cli.py first seen with mtime 1756114601.9919648
File /usr/lib/python3.10/lib-dynload/_contextvars.cpython-310-x86_64-linux-gnu.so first seen with mtime 1748365949.0
File /home/student/Desktop/moduleHub/ModuleHub/venv/lib/python3.10/site-packages/django/middleware/common.py first seen with mtime 1756114604.4530396
File /home/student/Desktop/moduleHub/ModuleHub/venv/lib/python3.10/site-packages/django/core/management/commands/__init__.py first seen with mtime 1756114604.3900378
File /home/student/Desktop/moduleHub/ModuleHub/venv/lib/python3.10/site-packages/cryptography/hazmat/primitives/_serialization.py first seen with mtime 1756114605.5150723
File /usr/lib/python3.10/asyncio/mixins.py first seen with mtime 1748365949.0
File /home/student/Desktop/moduleHub/ModuleHub/venv/lib/python3.10/site-packages/django/utils/timesince.py first seen with mtime 1756114604.4730403
File /home/student/Desktop/moduleHub/ModuleHub/venv/lib/python3.10/site-packages/django/views/generic/list.py first seen with mtime 1756114604.4800406
File /home/student/Desktop/moduleHub/ModuleHub/core/views.py first seen with mtime 1756114259.487755
File /usr/lib/python3.10/email/mime/base.py first seen with mtime 1748365949.0
File /home/student/Desktop/moduleHub/ModuleHub/users/templates/users first seen with mtime 1756114259.556757
File /home/student/Desktop/moduleHub/ModuleHub/users/templates/users/password_reset_subject.txt first seen with mtime 1756114259.556757
File /home/student/Desktop/moduleHub/ModuleHub/users/templates/users/password_reset_confirm.html first seen with mtime 1756114259.556757
File /home/student/Desktop/moduleHub/ModuleHub/users/templates/users/password_reset_email.html first seen with mtime 1756114259.556757
File /home/student/Desktop/moduleHub/ModuleHub/users/templates/users/login.html first seen with mtime 1756114259.556757
File /home/student/Desktop/moduleHub/ModuleHub/users/templates/users/assign_course.html first seen with mtime 1756114259.556757
File /home/student/Desktop/moduleHub/ModuleHub/users/templates/users/password_reset_done.html first seen with mtime 1756114259.556757
File /home/student/Desktop/moduleHub/ModuleHub/users/templates/users/logout.html first seen with mtime 1756114259.556757
File /home/student/Desktop/moduleHub/ModuleHub/users/templates/users/register.html first seen with mtime 1756114259.556757
File /home/student/Desktop/moduleHub/ModuleHub/users/templates/users/password_reset.html first seen with mtime 1756114259.556757
File /home/student/Desktop/moduleHub/ModuleHub/users/templates/users/password_reset_complete.html first seen with mtime 1756114259.556757
File /home/student/Desktop/moduleHub/ModuleHub/users/templates/users/profile.html first seen with mtime 1756114259.556757
File /home/student/Desktop/moduleHub/ModuleHub/venv/lib/python3.10/site-packages/rest_framework/templates/rest_framework first seen with mtime 1756114605.7750802
File /home/student/Desktop/moduleHub/ModuleHub/venv/lib/python3.10/site-packages/rest_framework/templates/rest_framework/raw_data_form.html first seen with mtime 1756114605.76508
File /home/student/Desktop/moduleHub/ModuleHub/venv/lib/python3.10/site-packages/rest_framework/templates/rest_framework/api.html first seen with mtime 1756114605.76408
File /home/student/Desktop/moduleHub/ModuleHub/venv/lib/python3.10/site-packages/rest_framework/templates/rest_framework/login_base.html first seen with mtime 1756114605.76508
File /home/student/Desktop/moduleHub/ModuleHub/venv/lib/python3.10/site-packages/rest_framework/templates/rest_framework/docs first seen with mtime 1756114605.76808
File /home/student/Desktop/moduleHub/ModuleHub/venv/lib/python3.10/site-packages/rest_framework/templates/rest_framework/admin.html first seen with mtime 1756114605.76408
File /home/student/Desktop/moduleHub/ModuleHub/venv/lib/python3.10/site-packages/rest_framework/templates/rest_framework/base.html first seen with mtime 1756114605.76408
File /home/student/Desktop/moduleHub/ModuleHub/venv/lib/python3.10/site-packages/rest_framework/templates/rest_framework/pagination first seen with mtime 1756114605.7740803
File /home/student/Desktop/moduleHub/ModuleHub/venv/lib/python3.10/site-packages/rest_framework/templates/rest_framework/vertical first seen with mtime 1756114605.7770803
File /home/student/Desktop/moduleHub/ModuleHub/venv/lib/python3.10/site-packages/rest_framework/templates/rest_framework/horizontal first seen with mtime 1756114605.7720802
File /home/student/Desktop/moduleHub/ModuleHub/venv/lib/python3.10/site-packages/rest_framework/templates/rest_framework/filters first seen with mtime 1756114605.77008
File /home/student/Desktop/moduleHub/ModuleHub/venv/lib/python3.10/site-packages/rest_framework/templates/rest_framework/login.html first seen with mtime 1756114605.76508
File /home/student/Desktop/moduleHub/ModuleHub/venv/lib/python3.10/site-packages/rest_framework/templates/rest_framework/schema.js first seen with mtime 1756114605.76508
File /home/student/Desktop/moduleHub/ModuleHub/venv/lib/python3.10/site-packages/rest_framework/templates/rest_framework/admin first seen with mtime 1756114605.76608
File /home/student/Desktop/moduleHub/ModuleHub/venv/lib/python3.10/site-packages/rest_framework/templates/rest_framework/inline first seen with mtime 1756114605.7740803
File /home/student/Desktop/moduleHub/ModuleHub/venv/lib/python3.10/site-packages/rest_framework/templates/rest_framework/docs/langs first seen with mtime 1756114605.7690802
File /home/student/Desktop/moduleHub/ModuleHub/venv/lib/python3.10/site-packages/rest_framework/templates/rest_framework/docs/index.html first seen with mtime 1756114605.76708
File /home/student/Desktop/moduleHub/ModuleHub/venv/lib/python3.10/site-packages/rest_framework/templates/rest_framework/docs/sidebar.html first seen with mtime 1756114605.76708
File /home/student/Desktop/moduleHub/ModuleHub/venv/lib/python3.10/site-packages/rest_framework/templates/rest_framework/docs/auth first seen with mtime 1756114605.76808
File /home/student/Desktop/moduleHub/ModuleHub/venv/lib/python3.10/site-packages/rest_framework/templates/rest_framework/docs/error.html first seen with mtime 1756114605.76708
File /home/student/Desktop/moduleHub/ModuleHub/venv/lib/python3.10/site-packages/rest_framework/templates/rest_framework/docs/link.html first seen with mtime 1756114605.76708
File /home/student/Desktop/moduleHub/ModuleHub/venv/lib/python3.10/site-packages/rest_framework/templates/rest_framework/docs/document.html first seen with mtime 1756114605.76608
File /home/student/Desktop/moduleHub/ModuleHub/venv/lib/python3.10/site-packages/rest_framework/templates/rest_framework/docs/interact.html first seen with mtime 1756114605.76708
File /home/student/Desktop/moduleHub/ModuleHub/venv/lib/python3.10/site-packages/rest_framework/templates/rest_framework/docs/langs/javascript-intro.html first seen with mtime 1756114605.76808
File /home/student/Desktop/moduleHub/ModuleHub/venv/lib/python3.10/site-packages/rest_framework/templates/rest_framework/docs/langs/python-intro.html first seen with mtime 1756114605.7690802
File /home/student/Desktop/moduleHub/ModuleHub/venv/lib/python3.10/site-packages/rest_framework/templates/rest_framework/docs/langs/shell.html first seen with mtime 1756114605.7690802
File /home/student/Desktop/moduleHub/ModuleHub/venv/lib/python3.10/site-packages/rest_framework/templates/rest_framework/docs/langs/javascript.html first seen with mtime 1756114605.76808
File /home/student/Desktop/moduleHub/ModuleHub/venv/lib/python3.10/site-packages/rest_framework/templates/rest_framework/docs/langs/shell-intro.html first seen with mtime 1756114605.7690802
File /home/student/Desktop/moduleHub/ModuleHub/venv/lib/python3.10/site-packages/rest_framework/templates/rest_framework/docs/langs/python.html first seen with mtime 1756114605.7690802
File /home/student/Desktop/moduleHub/ModuleHub/venv/lib/python3.10/site-packages/rest_framework/templates/rest_framework/docs/auth/token.html first seen with mtime 1756114605.76808
File /home/student/Desktop/moduleHub/ModuleHub/venv/lib/python3.10/site-packages/rest_framework/templates/rest_framework/docs/auth/basic.html first seen with mtime 1756114605.76808
File /home/student/Desktop/moduleHub/ModuleHub/venv/lib/python3.10/site-packages/rest_framework/templates/rest_framework/docs/auth/session.html first seen with mtime 1756114605.76808
File /home/student/Desktop/moduleHub/ModuleHub/venv/lib/python3.10/site-packages/rest_framework/templates/rest_framework/pagination/previous_and_next.html first seen with mtime 1756114605.7740803
File /home/student/Desktop/moduleHub/ModuleHub/venv/lib/python3.10/site-packages/rest_framework/templates/rest_framework/pagination/numbers.html first seen with mtime 1756114605.7740803
File /home/student/Desktop/moduleHub/ModuleHub/venv/lib/python3.10/site-packages/rest_framework/templates/rest_framework/vertical/list_field.html first seen with mtime 1756114605.7760804
File /home/student/Desktop/moduleHub/ModuleHub/venv/lib/python3.10/site-packages/rest_framework/templates/rest_framework/vertical/textarea.html first seen with mtime 1756114605.7770803
File /home/student/Desktop/moduleHub/ModuleHub/venv/lib/python3.10/site-packages/rest_framework/templates/rest_framework/vertical/radio.html first seen with mtime 1756114605.7760804
File /home/student/Desktop/moduleHub/ModuleHub/venv/lib/python3.10/site-packages/rest_framework/templates/rest_framework/vertical/select.html first seen with mtime 1756114605.7760804
File /home/student/Desktop/moduleHub/ModuleHub/venv/lib/python3.10/site-packages/rest_framework/templates/rest_framework/vertical/select_multiple.html first seen with mtime 1756114605.7760804
File /home/student/Desktop/moduleHub/ModuleHub/venv/lib/python3.10/site-packages/rest_framework/templates/rest_framework/vertical/input.html first seen with mtime 1756114605.7760804
File /home/student/Desktop/moduleHub/ModuleHub/venv/lib/python3.10/site-packages/rest_framework/templates/rest_framework/vertical/fieldset.html first seen with mtime 1756114605.7750802
File /home/student/Desktop/moduleHub/ModuleHub/venv/lib/python3.10/site-packages/rest_framework/templates/rest_framework/vertical/dict_field.html first seen with mtime 1756114605.7750802
File /home/student/Desktop/moduleHub/ModuleHub/venv/lib/python3.10/site-packages/rest_framework/templates/rest_framework/vertical/checkbox_multiple.html first seen with mtime 1756114605.7750802
File /home/student/Desktop/moduleHub/ModuleHub/venv/lib/python3.10/site-packages/rest_framework/templates/rest_framework/vertical/checkbox.html first seen with mtime 1756114605.7750802
File /home/student/Desktop/moduleHub/ModuleHub/venv/lib/python3.10/site-packages/rest_framework/templates/rest_framework/vertical/form.html first seen with mtime 1756114605.7750802
File /home/student/Desktop/moduleHub/ModuleHub/venv/lib/python3.10/site-packages/rest_framework/templates/rest_framework/vertical/list_fieldset.html first seen with mtime 1756114605.7760804
File /home/student/Desktop/moduleHub/ModuleHub/venv/lib/python3.10/site-packages/rest_framework/templates/rest_framework/horizontal/list_field.html first seen with mtime 1756114605.7710803
File /home/student/Desktop/moduleHub/ModuleHub/venv/lib/python3.10/site-packages/rest_framework/templates/rest_framework/horizontal/textarea.html first seen with mtime 1756114605.7720802
File /home/student/Desktop/moduleHub/ModuleHub/venv/lib/python3.10/site-packages/rest_framework/templates/rest_framework/horizontal/radio.html first seen with mtime 1756114605.7710803
File /home/student/Desktop/moduleHub/ModuleHub/venv/lib/python3.10/site-packages/rest_framework/templates/rest_framework/horizontal/select.html first seen with mtime 1756114605.7720802
File /home/student/Desktop/moduleHub/ModuleHub/venv/lib/python3.10/site-packages/rest_framework/templates/rest_framework/horizontal/select_multiple.html first seen with mtime 1756114605.7720802
File /home/student/Desktop/moduleHub/ModuleHub/venv/lib/python3.10/site-packages/rest_framework/templates/rest_framework/horizontal/input.html first seen with mtime 1756114605.7710803
File /home/student/Desktop/moduleHub/ModuleHub/venv/lib/python3.10/site-packages/rest_framework/templates/rest_framework/horizontal/fieldset.html first seen with mtime 1756114605.7710803
File /home/student/Desktop/moduleHub/ModuleHub/venv/lib/python3.10/site-packages/rest_framework/templates/rest_framework/horizontal/dict_field.html first seen with mtime 1756114605.77008
File /home/student/Desktop/moduleHub/ModuleHub/venv/lib/python3.10/site-packages/rest_framework/templates/rest_framework/horizontal/checkbox_multiple.html first seen with mtime 1756114605.77008
File /home/student/Desktop/moduleHub/ModuleHub/venv/lib/python3.10/site-packages/rest_framework/templates/rest_framework/horizontal/checkbox.html first seen with mtime 1756114605.77008
File /home/student/Desktop/moduleHub/ModuleHub/venv/lib/python3.10/site-packages/rest_framework/templates/rest_framework/horizontal/form.html first seen with mtime 1756114605.7710803
File /home/student/Desktop/moduleHub/ModuleHub/venv/lib/python3.10/site-packages/rest_framework/templates/rest_framework/horizontal/list_fieldset.html first seen with mtime 1756114605.7710803
File /home/student/Desktop/moduleHub/ModuleHub/venv/lib/python3.10/site-packages/rest_framework/templates/rest_framework/filters/ordering.html first seen with mtime 1756114605.77008
File /home/student/Desktop/moduleHub/ModuleHub/venv/lib/python3.10/site-packages/rest_framework/templates/rest_framework/filters/search.html first seen with mtime 1756114605.77008
File /home/student/Desktop/moduleHub/ModuleHub/venv/lib/python3.10/site-packages/rest_framework/templates/rest_framework/filters/base.html first seen with mtime 1756114605.7690802
File /home/student/Desktop/moduleHub/ModuleHub/venv/lib/python3.10/site-packages/rest_framework/templates/rest_framework/admin/simple_list_value.html first seen with mtime 1756114605.76608
File /home/student/Desktop/moduleHub/ModuleHub/venv/lib/python3.10/site-packages/rest_framework/templates/rest_framework/admin/dict_value.html first seen with mtime 1756114605.76608
File /home/student/Desktop/moduleHub/ModuleHub/venv/lib/python3.10/site-packages/rest_framework/templates/rest_framework/admin/list.html first seen with mtime 1756114605.76608
File /home/student/Desktop/moduleHub/ModuleHub/venv/lib/python3.10/site-packages/rest_framework/templates/rest_framework/admin/list_value.html first seen with mtime 1756114605.76608
File /home/student/Desktop/moduleHub/ModuleHub/venv/lib/python3.10/site-packages/rest_framework/templates/rest_framework/admin/detail.html first seen with mtime 1756114605.76508
File /home/student/Desktop/moduleHub/ModuleHub/venv/lib/python3.10/site-packages/rest_framework/templates/rest_framework/inline/list_field.html first seen with mtime 1756114605.7730803
File /home/student/Desktop/moduleHub/ModuleHub/venv/lib/python3.10/site-packages/rest_framework/templates/rest_framework/inline/textarea.html first seen with mtime 1756114605.7740803
File /home/student/Desktop/moduleHub/ModuleHub/venv/lib/python3.10/site-packages/rest_framework/templates/rest_framework/inline/radio.html first seen with mtime 1756114605.7740803
File /home/student/Desktop/moduleHub/ModuleHub/venv/lib/python3.10/site-packages/rest_framework/templates/rest_framework/inline/select.html first seen with mtime 1756114605.7740803
File /home/student/Desktop/moduleHub/ModuleHub/venv/lib/python3.10/site-packages/rest_framework/templates/rest_framework/inline/select_multiple.html first seen with mtime 1756114605.7740803
File /home/student/Desktop/moduleHub/ModuleHub/venv/lib/python3.10/site-packages/rest_framework/templates/rest_framework/inline/input.html first seen with mtime 1756114605.7730803
File /home/student/Desktop/moduleHub/ModuleHub/venv/lib/python3.10/site-packages/rest_framework/templates/rest_framework/inline/fieldset.html first seen with mtime 1756114605.7730803
File /home/student/Desktop/moduleHub/ModuleHub/venv/lib/python3.10/site-packages/rest_framework/templates/rest_framework/inline/dict_field.html first seen with mtime 1756114605.7720802
File /home/student/Desktop/moduleHub/ModuleHub/venv/lib/python3.10/site-packages/rest_framework/templates/rest_framework/inline/checkbox_multiple.html first seen with mtime 1756114605.7720802
File /home/student/Desktop/moduleHub/ModuleHub/venv/lib/python3.10/site-packages/rest_framework/templates/rest_framework/inline/checkbox.html first seen with mtime 1756114605.7720802
File /home/student/Desktop/moduleHub/ModuleHub/venv/lib/python3.10/site-packages/rest_framework/templates/rest_framework/inline/form.html first seen with mtime 1756114605.7730803
File /home/student/Desktop/moduleHub/ModuleHub/venv/lib/python3.10/site-packages/rest_framework/templates/rest_framework/inline/list_fieldset.html first seen with mtime 1756114605.7730803
File /home/student/Desktop/moduleHub/ModuleHub/modules/templates/modules first seen with mtime 1756114259.522756
File /home/student/Desktop/moduleHub/ModuleHub/modules/templates/modules/module_detail.html first seen with mtime 1756114259.522756
File /home/student/Desktop/moduleHub/ModuleHub/modules/templates/modules/module_list.html first seen with mtime 1756123111.9735332
File /home/student/Desktop/moduleHub/ModuleHub/venv/lib/python3.10/site-packages/crispy_bootstrap4/templates/bootstrap4 first seen with mtime 1756114606.225094
File /home/student/Desktop/moduleHub/ModuleHub/venv/lib/python3.10/site-packages/crispy_bootstrap4/templates/bootstrap4/betterform.html first seen with mtime 1756114606.2240942
File /home/student/Desktop/moduleHub/ModuleHub/venv/lib/python3.10/site-packages/crispy_bootstrap4/templates/bootstrap4/accordion-group.html first seen with mtime 1756114606.223094
File /home/student/Desktop/moduleHub/ModuleHub/venv/lib/python3.10/site-packages/crispy_bootstrap4/templates/bootstrap4/uni_formset.html first seen with mtime 1756114606.225094
File /home/student/Desktop/moduleHub/ModuleHub/venv/lib/python3.10/site-packages/crispy_bootstrap4/templates/bootstrap4/errors_formset.html first seen with mtime 1756114606.2240942
File /home/student/Desktop/moduleHub/ModuleHub/venv/lib/python3.10/site-packages/crispy_bootstrap4/templates/bootstrap4/layout first seen with mtime 1756114606.2290943
File /home/student/Desktop/moduleHub/ModuleHub/venv/lib/python3.10/site-packages/crispy_bootstrap4/templates/bootstrap4/inputs.html first seen with mtime 1756114606.2240942
File /home/student/Desktop/moduleHub/ModuleHub/venv/lib/python3.10/site-packages/crispy_bootstrap4/templates/bootstrap4/uni_form.html first seen with mtime 1756114606.225094
File /home/student/Desktop/moduleHub/ModuleHub/venv/lib/python3.10/site-packages/crispy_bootstrap4/templates/bootstrap4/whole_uni_formset.html first seen with mtime 1756114606.225094
File /home/student/Desktop/moduleHub/ModuleHub/venv/lib/python3.10/site-packages/crispy_bootstrap4/templates/bootstrap4/errors.html first seen with mtime 1756114606.2240942
File /home/student/Desktop/moduleHub/ModuleHub/venv/lib/python3.10/site-packages/crispy_bootstrap4/templates/bootstrap4/whole_uni_form.html first seen with mtime 1756114606.225094
File /home/student/Desktop/moduleHub/ModuleHub/venv/lib/python3.10/site-packages/crispy_bootstrap4/templates/bootstrap4/table_inline_formset.html first seen with mtime 1756114606.225094
File /home/student/Desktop/moduleHub/ModuleHub/venv/lib/python3.10/site-packages/crispy_bootstrap4/templates/bootstrap4/accordion.html first seen with mtime 1756114606.223094
File /home/student/Desktop/moduleHub/ModuleHub/venv/lib/python3.10/site-packages/crispy_bootstrap4/templates/bootstrap4/field.html first seen with mtime 1756114606.2240942
File /home/student/Desktop/moduleHub/ModuleHub/venv/lib/python3.10/site-packages/crispy_bootstrap4/templates/bootstrap4/display_form.html first seen with mtime 1756114606.2240942
File /home/student/Desktop/moduleHub/ModuleHub/venv/lib/python3.10/site-packages/crispy_bootstrap4/templates/bootstrap4/layout/help_text.html first seen with mtime 1756114606.228094
File /home/student/Desktop/moduleHub/ModuleHub/venv/lib/python3.10/site-packages/crispy_bootstrap4/templates/bootstrap4/layout/column.html first seen with mtime 1756114606.226094
File /home/student/Desktop/moduleHub/ModuleHub/venv/lib/python3.10/site-packages/crispy_bootstrap4/templates/bootstrap4/layout/multifield.html first seen with mtime 1756114606.228094
File /home/student/Desktop/moduleHub/ModuleHub/venv/lib/python3.10/site-packages/crispy_bootstrap4/templates/bootstrap4/layout/checkboxselectmultiple.html first seen with mtime 1756114606.226094
File /home/student/Desktop/moduleHub/ModuleHub/venv/lib/python3.10/site-packages/crispy_bootstrap4/templates/bootstrap4/layout/formactions.html first seen with mtime 1756114606.2270942
File /home/student/Desktop/moduleHub/ModuleHub/venv/lib/python3.10/site-packages/crispy_bootstrap4/templates/bootstrap4/layout/uneditable_input.html first seen with mtime 1756114606.2290943
File /home/student/Desktop/moduleHub/ModuleHub/venv/lib/python3.10/site-packages/crispy_bootstrap4/templates/bootstrap4/layout/field_errors.html first seen with mtime 1756114606.2270942
File /home/student/Desktop/moduleHub/ModuleHub/venv/lib/python3.10/site-packages/crispy_bootstrap4/templates/bootstrap4/layout/baseinput.html first seen with mtime 1756114606.226094
File /home/student/Desktop/moduleHub/ModuleHub/venv/lib/python3.10/site-packages/crispy_bootstrap4/templates/bootstrap4/layout/tab-link.html first seen with mtime 1756114606.2290943
File /home/student/Desktop/moduleHub/ModuleHub/venv/lib/python3.10/site-packages/crispy_bootstrap4/templates/bootstrap4/layout/checkboxselectmultiple_inline.html first seen with mtime 1756114606.226094
File /home/student/Desktop/moduleHub/ModuleHub/venv/lib/python3.10/site-packages/crispy_bootstrap4/templates/bootstrap4/layout/div.html first seen with mtime 1756114606.2270942
File /home/student/Desktop/moduleHub/ModuleHub/venv/lib/python3.10/site-packages/crispy_bootstrap4/templates/bootstrap4/layout/fieldset.html first seen with mtime 1756114606.2270942
File /home/student/Desktop/moduleHub/ModuleHub/venv/lib/python3.10/site-packages/crispy_bootstrap4/templates/bootstrap4/layout/alert.html first seen with mtime 1756114606.225094
File /home/student/Desktop/moduleHub/ModuleHub/venv/lib/python3.10/site-packages/crispy_bootstrap4/templates/bootstrap4/layout/inline_field.html first seen with mtime 1756114606.228094
File /home/student/Desktop/moduleHub/ModuleHub/venv/lib/python3.10/site-packages/crispy_bootstrap4/templates/bootstrap4/layout/radioselect.html first seen with mtime 1756114606.2290943
File /home/student/Desktop/moduleHub/ModuleHub/venv/lib/python3.10/site-packages/crispy_bootstrap4/templates/bootstrap4/layout/prepended_appended_text.html first seen with mtime 1756114606.228094
File /home/student/Desktop/moduleHub/ModuleHub/venv/lib/python3.10/site-packages/crispy_bootstrap4/templates/bootstrap4/layout/button.html first seen with mtime 1756114606.226094
File /home/student/Desktop/moduleHub/ModuleHub/venv/lib/python3.10/site-packages/crispy_bootstrap4/templates/bootstrap4/layout/attrs.html first seen with mtime 1756114606.226094
File /home/student/Desktop/moduleHub/ModuleHub/venv/lib/python3.10/site-packages/crispy_bootstrap4/templates/bootstrap4/layout/tab.html first seen with mtime 1756114606.2290943
File /home/student/Desktop/moduleHub/ModuleHub/venv/lib/python3.10/site-packages/crispy_bootstrap4/templates/bootstrap4/layout/radioselect_inline.html first seen with mtime 1756114606.2290943
File /home/student/Desktop/moduleHub/ModuleHub/venv/lib/python3.10/site-packages/crispy_bootstrap4/templates/bootstrap4/layout/buttonholder.html first seen with mtime 1756114606.226094
File /home/student/Desktop/moduleHub/ModuleHub/venv/lib/python3.10/site-packages/crispy_bootstrap4/templates/bootstrap4/layout/field_errors_block.html first seen with mtime 1756114606.2270942
File /home/student/Desktop/moduleHub/ModuleHub/venv/lib/python3.10/site-packages/crispy_bootstrap4/templates/bootstrap4/layout/row.html first seen with mtime 1756114606.2290943
File /home/student/Desktop/moduleHub/ModuleHub/venv/lib/python3.10/site-packages/crispy_bootstrap4/templates/bootstrap4/layout/field_with_buttons.html first seen with mtime 1756114606.2270942
File /home/student/Desktop/moduleHub/ModuleHub/venv/lib/python3.10/site-packages/crispy_bootstrap4/templates/bootstrap4/layout/field_file.html first seen with mtime 1756114606.2270942
File /home/student/Desktop/moduleHub/ModuleHub/venv/lib/python3.10/site-packages/crispy_bootstrap4/templates/bootstrap4/layout/modal.html first seen with mtime 1756114606.228094
File /home/student/Desktop/moduleHub/ModuleHub/venv/lib/python3.10/site-packages/crispy_bootstrap4/templates/bootstrap4/layout/help_text_and_errors.html first seen with mtime 1756114606.228094
File /home/student/Desktop/moduleHub/ModuleHub/core/templates/core first seen with mtime 1756114259.487755
File /home/student/Desktop/moduleHub/ModuleHub/core/templates/.DS_Store first seen with mtime 1756114259.486755
File /home/student/Desktop/moduleHub/ModuleHub/core/templates/core/course_detail.html first seen with mtime 1756123945.4989362
File /home/student/Desktop/moduleHub/ModuleHub/core/templates/core/about_us.html first seen with mtime 1756114259.486755
File /home/student/Desktop/moduleHub/ModuleHub/core/templates/core/thanks.html first seen with mtime 1756114259.487755
File /home/student/Desktop/moduleHub/ModuleHub/core/templates/core/contact_us.html first seen with mtime 1756114259.486755
File /home/student/Desktop/moduleHub/ModuleHub/core/templates/core/base.html first seen with mtime 1756114259.486755
File /home/student/Desktop/moduleHub/ModuleHub/core/templates/core/home.html first seen with mtime 1756125744.3691864
File /home/student/Desktop/moduleHub/ModuleHub/core/templates/core/register.html first seen with mtime 1756114259.487755
File /home/student/Desktop/moduleHub/ModuleHub/venv/lib/python3.10/site-packages/rest_framework/locale/uk/LC_MESSAGES/django.mo first seen with mtime 1756114605.7430794
File /home/student/Desktop/moduleHub/ModuleHub/venv/lib/python3.10/site-packages/rest_framework/locale/fr_CA/LC_MESSAGES/django.mo first seen with mtime 1756114605.732079
File /home/student/Desktop/moduleHub/ModuleHub/venv/lib/python3.10/site-packages/rest_framework/locale/lt/LC_MESSAGES/django.mo first seen with mtime 1756114605.736079
File /home/student/Desktop/moduleHub/ModuleHub/venv/lib/python3.10/site-packages/rest_framework/locale/ro/LC_MESSAGES/django.mo first seen with mtime 1756114605.7390792
File /home/student/Desktop/moduleHub/ModuleHub/venv/lib/python3.10/site-packages/rest_framework/locale/ru_RU/LC_MESSAGES/django.mo first seen with mtime 1756114605.7400792
File /home/student/Desktop/moduleHub/ModuleHub/venv/lib/python3.10/site-packages/rest_framework/locale/en_US/LC_MESSAGES/django.mo first seen with mtime 1756114605.730079
File /home/student/Desktop/moduleHub/ModuleHub/venv/lib/python3.10/site-packages/rest_framework/locale/th/LC_MESSAGES/django.mo first seen with mtime 1756114605.7420793
File /home/student/Desktop/moduleHub/ModuleHub/venv/lib/python3.10/site-packages/rest_framework/locale/be/LC_MESSAGES/django.mo first seen with mtime 1756114605.727079
File /home/student/Desktop/moduleHub/ModuleHub/venv/lib/python3.10/site-packages/rest_framework/locale/tr_TR/LC_MESSAGES/django.mo first seen with mtime 1756114605.7420793
File /home/student/Desktop/moduleHub/ModuleHub/venv/lib/python3.10/site-packages/rest_framework/locale/mk/LC_MESSAGES/django.mo first seen with mtime 1756114605.736079
File /home/student/Desktop/moduleHub/ModuleHub/venv/lib/python3.10/site-packages/rest_framework/locale/fi/LC_MESSAGES/django.mo first seen with mtime 1756114605.732079
File /home/student/Desktop/moduleHub/ModuleHub/venv/lib/python3.10/site-packages/rest_framework/locale/pt_PT/LC_MESSAGES/django.mo first seen with mtime 1756114605.7390792
File /home/student/Desktop/moduleHub/ModuleHub/venv/lib/python3.10/site-packages/rest_framework/locale/hy/LC_MESSAGES/django.mo first seen with mtime 1756114605.7340791
File /home/student/Desktop/moduleHub/ModuleHub/venv/lib/python3.10/site-packages/rest_framework/locale/de/LC_MESSAGES/django.mo first seen with mtime 1756114605.7280788
File /home/student/Desktop/moduleHub/ModuleHub/venv/lib/python3.10/site-packages/rest_framework/locale/vi/LC_MESSAGES/django.mo first seen with mtime 1756114605.7430794
File /home/student/Desktop/moduleHub/ModuleHub/venv/lib/python3.10/site-packages/rest_framework/locale/ach/LC_MESSAGES/django.mo first seen with mtime 1756114605.7260787
File /home/student/Desktop/moduleHub/ModuleHub/venv/lib/python3.10/site-packages/rest_framework/locale/gl_ES/LC_MESSAGES/django.mo first seen with mtime 1756114605.733079
File /home/student/Desktop/moduleHub/ModuleHub/venv/lib/python3.10/site-packages/rest_framework/locale/el/LC_MESSAGES/django.mo first seen with mtime 1756114605.7290788
File /home/student/Desktop/moduleHub/ModuleHub/venv/lib/python3.10/site-packages/rest_framework/locale/nn/LC_MESSAGES/django.mo first seen with mtime 1756114605.738079
File /home/student/Desktop/moduleHub/ModuleHub/venv/lib/python3.10/site-packages/rest_framework/locale/ko_KR/LC_MESSAGES/django.mo first seen with mtime 1756114605.735079
File /home/student/Desktop/moduleHub/ModuleHub/venv/lib/python3.10/site-packages/rest_framework/locale/el_GR/LC_MESSAGES/django.mo first seen with mtime 1756114605.7290788
File /home/student/Desktop/moduleHub/ModuleHub/venv/lib/python3.10/site-packages/rest_framework/locale/ja/LC_MESSAGES/django.mo first seen with mtime 1756114605.735079
File /home/student/Desktop/moduleHub/ModuleHub/venv/lib/python3.10/site-packages/rest_framework/locale/sk/LC_MESSAGES/django.mo first seen with mtime 1756114605.7410793
File /home/student/Desktop/moduleHub/ModuleHub/venv/lib/python3.10/site-packages/rest_framework/locale/en_CA/LC_MESSAGES/django.mo first seen with mtime 1756114605.730079
File /home/student/Desktop/moduleHub/ModuleHub/venv/lib/python3.10/site-packages/rest_framework/locale/tr/LC_MESSAGES/django.mo first seen with mtime 1756114605.7420793
File /home/student/Desktop/moduleHub/ModuleHub/venv/lib/python3.10/site-packages/rest_framework/locale/sv/LC_MESSAGES/django.mo first seen with mtime 1756114605.7410793
File /home/student/Desktop/moduleHub/ModuleHub/venv/lib/python3.10/site-packages/rest_framework/locale/id/LC_MESSAGES/django.mo first seen with mtime 1756114605.7340791
File /home/student/Desktop/moduleHub/ModuleHub/venv/lib/python3.10/site-packages/rest_framework/locale/en/LC_MESSAGES/django.mo first seen with mtime 1756114605.7290788
File /home/student/Desktop/moduleHub/ModuleHub/venv/lib/python3.10/site-packages/rest_framework/locale/gl/LC_MESSAGES/django.mo first seen with mtime 1756114605.733079
File /home/student/Desktop/moduleHub/ModuleHub/venv/lib/python3.10/site-packages/rest_framework/locale/zh_Hant/LC_MESSAGES/django.mo first seen with mtime 1756114605.7440794
File /home/student/Desktop/moduleHub/ModuleHub/venv/lib/python3.10/site-packages/rest_framework/locale/pl/LC_MESSAGES/django.mo first seen with mtime 1756114605.738079
File /home/student/Desktop/moduleHub/ModuleHub/venv/lib/python3.10/site-packages/rest_framework/locale/fa_IR/LC_MESSAGES/django.mo first seen with mtime 1756114605.7310789
File /home/student/Desktop/moduleHub/ModuleHub/venv/lib/python3.10/site-packages/rest_framework/locale/ar/LC_MESSAGES/django.mo first seen with mtime 1756114605.7260787
File /home/student/Desktop/moduleHub/ModuleHub/venv/lib/python3.10/site-packages/rest_framework/locale/it/LC_MESSAGES/django.mo first seen with mtime 1756114605.735079
File /home/student/Desktop/moduleHub/ModuleHub/venv/lib/python3.10/site-packages/rest_framework/locale/hu/LC_MESSAGES/django.mo first seen with mtime 1756114605.733079
File /home/student/Desktop/moduleHub/ModuleHub/venv/lib/python3.10/site-packages/rest_framework/locale/ca_ES/LC_MESSAGES/django.mo first seen with mtime 1756114605.7280788
File /home/student/Desktop/moduleHub/ModuleHub/venv/lib/python3.10/site-packages/rest_framework/locale/sl/LC_MESSAGES/django.mo first seen with mtime 1756114605.7410793
File /home/student/Desktop/moduleHub/ModuleHub/venv/lib/python3.10/site-packages/rest_framework/locale/no/LC_MESSAGES/django.mo first seen with mtime 1756114605.738079
File /home/student/Desktop/moduleHub/ModuleHub/venv/lib/python3.10/site-packages/rest_framework/locale/lv/LC_MESSAGES/django.mo first seen with mtime 1756114605.736079
File /home/student/Desktop/moduleHub/ModuleHub/venv/lib/python3.10/site-packages/rest_framework/locale/et/LC_MESSAGES/django.mo first seen with mtime 1756114605.7310789
File /home/student/Desktop/moduleHub/ModuleHub/venv/lib/python3.10/site-packages/rest_framework/locale/pt/LC_MESSAGES/django.mo first seen with mtime 1756114605.7390792
File /home/student/Desktop/moduleHub/ModuleHub/venv/lib/python3.10/site-packages/rest_framework/locale/cs/LC_MESSAGES/django.mo first seen with mtime 1756114605.7280788
File /home/student/Desktop/moduleHub/ModuleHub/venv/lib/python3.10/site-packages/rest_framework/locale/fa/LC_MESSAGES/django.mo first seen with mtime 1756114605.7310789
File /home/student/Desktop/moduleHub/ModuleHub/venv/lib/python3.10/site-packages/rest_framework/locale/da/LC_MESSAGES/django.mo first seen with mtime 1756114605.7280788
File /home/student/Desktop/moduleHub/ModuleHub/venv/lib/python3.10/site-packages/rest_framework/locale/he_IL/LC_MESSAGES/django.mo first seen with mtime 1756114605.733079
File /home/student/Desktop/moduleHub/ModuleHub/venv/lib/python3.10/site-packages/rest_framework/locale/es/LC_MESSAGES/django.mo first seen with mtime 1756114605.730079
File /home/student/Desktop/moduleHub/ModuleHub/venv/lib/python3.10/site-packages/rest_framework/locale/nb/LC_MESSAGES/django.mo first seen with mtime 1756114605.7370791
File /home/student/Desktop/moduleHub/ModuleHub/venv/lib/python3.10/site-packages/rest_framework/locale/zh_Hans/LC_MESSAGES/django.mo first seen with mtime 1756114605.7440794
File /home/student/Desktop/moduleHub/ModuleHub/venv/lib/python3.10/site-packages/rest_framework/locale/az/LC_MESSAGES/django.mo first seen with mtime 1756114605.727079
File /home/student/Desktop/moduleHub/ModuleHub/venv/lib/python3.10/site-packages/rest_framework/locale/bg/LC_MESSAGES/django.mo first seen with mtime 1756114605.727079
File /home/student/Desktop/moduleHub/ModuleHub/venv/lib/python3.10/site-packages/rest_framework/locale/ca/LC_MESSAGES/django.mo first seen with mtime 1756114605.727079
File /home/student/Desktop/moduleHub/ModuleHub/venv/lib/python3.10/site-packages/rest_framework/locale/nl/LC_MESSAGES/django.mo first seen with mtime 1756114605.7370791
File /home/student/Desktop/moduleHub/ModuleHub/venv/lib/python3.10/site-packages/rest_framework/locale/zh_CN/LC_MESSAGES/django.mo first seen with mtime 1756114605.7430794
File /home/student/Desktop/moduleHub/ModuleHub/venv/lib/python3.10/site-packages/rest_framework/locale/ru/LC_MESSAGES/django.mo first seen with mtime 1756114605.7400792
File /home/student/Desktop/moduleHub/ModuleHub/venv/lib/python3.10/site-packages/rest_framework/locale/fr/LC_MESSAGES/django.mo first seen with mtime 1756114605.732079
File /home/student/Desktop/moduleHub/ModuleHub/venv/lib/python3.10/site-packages/rest_framework/locale/ne_NP/LC_MESSAGES/django.mo first seen with mtime 1756114605.7370791
File /home/student/Desktop/moduleHub/ModuleHub/venv/lib/python3.10/site-packages/rest_framework/locale/en_AU/LC_MESSAGES/django.mo first seen with mtime 1756114605.7290788
File /home/student/Desktop/moduleHub/ModuleHub/venv/lib/python3.10/site-packages/rest_framework/locale/zh_TW/LC_MESSAGES/django.mo first seen with mtime 1756114605.7440794
File /home/student/Desktop/moduleHub/ModuleHub/venv/lib/python3.10/site-packages/rest_framework/locale/pt_BR/LC_MESSAGES/django.mo first seen with mtime 1756114605.7390792
File /home/student/Desktop/moduleHub/ModuleHub/modules/migrations/0003_module_modeofdelivery_module_modeofstudy.py first seen with mtime 1756114259.518756
File /home/student/Desktop/moduleHub/ModuleHub/users/migrations/0003_profile_address_profile_city_profile_country_and_more.py first seen with mtime 1756114259.555757
File /home/student/Desktop/moduleHub/ModuleHub/venv/lib/python3.10/site-packages/django/contrib/auth/migrations/0005_alter_user_last_login_null.py first seen with mtime 1756114603.9910257
File /home/student/Desktop/moduleHub/ModuleHub/venv/lib/python3.10/site-packages/django/contrib/auth/migrations/0011_update_proxy_permissions.py first seen with mtime 1756114603.9920256
File /home/student/Desktop/moduleHub/ModuleHub/venv/lib/python3.10/site-packages/PIL/_version.py first seen with mtime 1756114603.0409968
File /home/student/Desktop/moduleHub/ModuleHub/venv/lib/python3.10/site-packages/PIL/ImageMode.py first seen with mtime 1756114603.0049956
File /home/student/Desktop/moduleHub/ModuleHub/venv/lib/python3.10/site-packages/django/contrib/admin/migrations/0003_logentry_add_action_flag_choices.py first seen with mtime 1756114603.847021
File /home/student/Desktop/moduleHub/ModuleHub/venv/lib/python3.10/site-packages/django/contrib/contenttypes/migrations/0002_remove_content_type_name.py first seen with mtime 1756114604.0310268
File /home/student/Desktop/moduleHub/ModuleHub/venv/lib/python3.10/site-packages/django/db/backends/mysql/compiler.py first seen with mtime 1756114604.4030383
File /home/student/Desktop/moduleHub/ModuleHub/venv/lib/python3.10/site-packages/django/contrib/auth/migrations/0002_alter_permission_name_max_length.py first seen with mtime 1756114603.9910257
File /home/student/Desktop/moduleHub/ModuleHub/venv/lib/python3.10/site-packages/PIL/_util.py first seen with mtime 1756114603.0409968
File /home/student/Desktop/moduleHub/ModuleHub/modules/migrations/0001_initial.py first seen with mtime 1756114259.518756
File /home/student/Desktop/moduleHub/ModuleHub/modules/migrations/0007_remove_module_modeofdelivery_and_more.py first seen with mtime 1756114259.5197558
File /home/student/Desktop/moduleHub/ModuleHub/venv/lib/python3.10/site-packages/django/contrib/admin/migrations/0001_initial.py first seen with mtime 1756114603.847021
File /home/student/Desktop/moduleHub/ModuleHub/venv/lib/python3.10/site-packages/PIL/ExifTags.py first seen with mtime 1756114602.9979954
File /home/student/Desktop/moduleHub/ModuleHub/venv/lib/python3.10/site-packages/django/contrib/auth/migrations/0007_alter_validators_add_error_messages.py first seen with mtime 1756114603.9920256
File /home/student/Desktop/moduleHub/ModuleHub/venv/lib/python3.10/site-packages/PIL/_typing.py first seen with mtime 1756114603.0409968
File /home/student/Desktop/moduleHub/ModuleHub/venv/lib/python3.10/site-packages/django/contrib/contenttypes/migrations/0001_initial.py first seen with mtime 1756114604.0300267
File /home/student/Desktop/moduleHub/ModuleHub/venv/lib/python3.10/site-packages/PIL/_deprecate.py first seen with mtime 1756114603.016996
File /home/student/Desktop/moduleHub/ModuleHub/modules/migrations/0004_rename_modeofdelivery_module_modeofdelivery_and_more.py first seen with mtime 1756114259.5197558
File /home/student/Desktop/moduleHub/ModuleHub/venv/lib/python3.10/site-packages/django/contrib/sessions/migrations/0001_initial.py first seen with mtime 1756114604.3190355
File /home/student/Desktop/moduleHub/ModuleHub/venv/lib/python3.10/site-packages/django/contrib/auth/migrations/0010_alter_group_name_max_length.py first seen with mtime 1756114603.9920256
File /home/student/Desktop/moduleHub/ModuleHub/venv/lib/python3.10/site-packages/django/contrib/admin/migrations/0002_logentry_remove_auto_add.py first seen with mtime 1756114603.847021
File /home/student/Desktop/moduleHub/ModuleHub/modules/migrations/0002_module_qualification_type.py first seen with mtime 1756114259.518756
File /home/student/Desktop/moduleHub/ModuleHub/venv/lib/python3.10/site-packages/django/contrib/auth/migrations/0001_initial.py first seen with mtime 1756114603.9910257
File /home/student/Desktop/moduleHub/ModuleHub/users/migrations/0001_initial.py first seen with mtime 1756114259.555757
File /home/student/Desktop/moduleHub/ModuleHub/modules/migrations/0006_module_credits.py first seen with mtime 1756114259.5197558
File /home/student/Desktop/moduleHub/ModuleHub/users/migrations/0002_alter_profile_image.py first seen with mtime 1756130859.0407865
File /home/student/Desktop/moduleHub/ModuleHub/venv/lib/python3.10/site-packages/PIL/_imaging.cpython-310-x86_64-linux-gnu.so first seen with mtime 1756114603.0349965
File /home/student/Desktop/moduleHub/ModuleHub/venv/lib/python3.10/site-packages/django/db/models/sql/compiler.py first seen with mtime 1756114604.428039
File /home/student/Desktop/moduleHub/ModuleHub/venv/lib/python3.10/site-packages/django/contrib/auth/migrations/0004_alter_user_username_opts.py first seen with mtime 1756114603.9910257
File /home/student/Desktop/moduleHub/ModuleHub/modules/migrations/__init__.py first seen with mtime 1756114259.5197558
File /home/student/Desktop/moduleHub/ModuleHub/venv/lib/python3.10/site-packages/django/contrib/sessions/backends/db.py first seen with mtime 1756114604.2720342
File /home/student/Desktop/moduleHub/ModuleHub/moduleHub/wsgi.py first seen with mtime 1756114259.518756
File /home/student/Desktop/moduleHub/ModuleHub/venv/lib/python3.10/site-packages/django/contrib/auth/migrations/0012_alter_user_first_name_max_length.py first seen with mtime 1756114603.9920256
File /home/student/Desktop/moduleHub/ModuleHub/venv/lib/python3.10/site-packages/django/contrib/admin/migrations/__init__.py first seen with mtime 1756114603.847021
File /home/student/Desktop/moduleHub/ModuleHub/venv/lib/python3.10/site-packages/PIL/TiffTags.py first seen with mtime 1756114603.013996
File /home/student/Desktop/moduleHub/ModuleHub/venv/lib/python3.10/site-packages/PIL/_binary.py first seen with mtime 1756114603.016996
File /home/student/Desktop/moduleHub/ModuleHub/core/migrations/__init__.py first seen with mtime 1756114259.4747546
File /home/student/Desktop/moduleHub/ModuleHub/venv/lib/python3.10/site-packages/django/contrib/auth/migrations/0003_alter_user_email_max_length.py first seen with mtime 1756114603.9910257
File /home/student/Desktop/moduleHub/ModuleHub/venv/lib/python3.10/site-packages/django/contrib/auth/migrations/0008_alter_user_username_max_length.py first seen with mtime 1756114603.9920256
File /home/student/Desktop/moduleHub/ModuleHub/venv/lib/python3.10/site-packages/django/contrib/contenttypes/migrations/__init__.py first seen with mtime 1756114604.0310268
File /home/student/Desktop/moduleHub/ModuleHub/users/migrations/0004_alter_profile_image.py first seen with mtime 1756130867.0008283
File /home/student/Desktop/moduleHub/ModuleHub/venv/lib/python3.10/site-packages/django/contrib/sessions/migrations/__init__.py first seen with mtime 1756114604.3190355
File /home/student/Desktop/moduleHub/ModuleHub/modules/migrations/0005_courseprofile.py first seen with mtime 1756114259.5197558
File /home/student/Desktop/moduleHub/ModuleHub/venv/lib/python3.10/site-packages/django/contrib/auth/migrations/0009_alter_user_last_name_max_length.py first seen with mtime 1756114603.9920256
File /home/student/Desktop/moduleHub/ModuleHub/venv/lib/python3.10/site-packages/django/contrib/auth/migrations/0006_require_contenttypes_0002.py first seen with mtime 1756114603.9920256
File /home/student/Desktop/moduleHub/ModuleHub/venv/lib/python3.10/site-packages/django/contrib/auth/migrations/__init__.py first seen with mtime 1756114603.9930255
File /home/student/Desktop/moduleHub/ModuleHub/users/migrations/__init__.py first seen with mtime 1756114259.555757
File /home/student/Desktop/moduleHub/ModuleHub/venv/lib/python3.10/site-packages/PIL/Image.py first seen with mtime 1756114603.0019956
Not Found: /itreporting/
"GET /itreporting/ HTTP/1.1" 404 179
File /home/student/Desktop/moduleHub/ModuleHub/venv/lib/python3.10/site-packages/django/contrib/messages/storage/session.py first seen with mtime 1756114604.1900318
File /usr/lib/python3.10/encodings/unicode_escape.py first seen with mtime 1748365949.0
File /home/student/Desktop/moduleHub/ModuleHub/venv/lib/python3.10/site-packages/django/contrib/messages/storage/cookie.py first seen with mtime 1756114604.1890316
File /home/student/Desktop/moduleHub/ModuleHub/venv/lib/python3.10/site-packages/django/contrib/sessions/serializers.py first seen with mtime 1756114604.270034
File /home/student/Desktop/moduleHub/ModuleHub/venv/lib/python3.10/site-packages/django/contrib/messages/storage/fallback.py first seen with mtime 1756114604.1900318
Exception while resolving variable 'profile' in template 'core/home.html'.
Traceback (most recent call last):
  File "/home/student/Desktop/moduleHub/ModuleHub/venv/lib/python3.10/site-packages/django/template/base.py", line 890, in _resolve_lookup
    raise TypeError
TypeError

During handling of the above exception, another exception occurred:

Traceback (most recent call last):
  File "/home/student/Desktop/moduleHub/ModuleHub/venv/lib/python3.10/site-packages/django/template/base.py", line 901, in _resolve_lookup
    current = getattr(current, bit)
  File "/home/student/Desktop/moduleHub/ModuleHub/venv/lib/python3.10/site-packages/django/db/models/fields/related_descriptors.py", line 534, in __get__
    raise self.RelatedObjectDoesNotExist(
django.contrib.auth.models.Group.profile.RelatedObjectDoesNotExist: Group has no profile.
Exception while resolving variable 'profile' in template 'core/home.html'.
Traceback (most recent call last):
  File "/home/student/Desktop/moduleHub/ModuleHub/venv/lib/python3.10/site-packages/django/template/base.py", line 890, in _resolve_lookup
    raise TypeError
TypeError

During handling of the above exception, another exception occurred:

Traceback (most recent call last):
  File "/home/student/Desktop/moduleHub/ModuleHub/venv/lib/python3.10/site-packages/django/template/base.py", line 901, in _resolve_lookup
    current = getattr(current, bit)
  File "/home/student/Desktop/moduleHub/ModuleHub/venv/lib/python3.10/site-packages/django/db/models/fields/related_descriptors.py", line 534, in __get__
    raise self.RelatedObjectDoesNotExist(
django.contrib.auth.models.Group.profile.RelatedObjectDoesNotExist: Group has no profile.
Exception while resolving variable 'profile' in template 'core/home.html'.
Traceback (most recent call last):
  File "/home/student/Desktop/moduleHub/ModuleHub/venv/lib/python3.10/site-packages/django/template/base.py", line 890, in _resolve_lookup
    raise TypeError
TypeError

During handling of the above exception, another exception occurred:

Traceback (most recent call last):
  File "/home/student/Desktop/moduleHub/ModuleHub/venv/lib/python3.10/site-packages/django/template/base.py", line 901, in _resolve_lookup
    current = getattr(current, bit)
  File "/home/student/Desktop/moduleHub/ModuleHub/venv/lib/python3.10/site-packages/django/db/models/fields/related_descriptors.py", line 534, in __get__
    raise self.RelatedObjectDoesNotExist(
django.contrib.auth.models.Group.profile.RelatedObjectDoesNotExist: Group has no profile.
Exception while resolving variable 'profile' in template 'core/home.html'.
Traceback (most recent call last):
  File "/home/student/Desktop/moduleHub/ModuleHub/venv/lib/python3.10/site-packages/django/template/base.py", line 890, in _resolve_lookup
    raise TypeError
TypeError

During handling of the above exception, another exception occurred:

Traceback (most recent call last):
  File "/home/student/Desktop/moduleHub/ModuleHub/venv/lib/python3.10/site-packages/django/template/base.py", line 901, in _resolve_lookup
    current = getattr(current, bit)
  File "/home/student/Desktop/moduleHub/ModuleHub/venv/lib/python3.10/site-packages/django/db/models/fields/related_descriptors.py", line 534, in __get__
    raise self.RelatedObjectDoesNotExist(
django.contrib.auth.models.Group.profile.RelatedObjectDoesNotExist: Group has no profile.
Exception while resolving variable 'has_other_pages' in template 'core/home.html'.
Traceback (most recent call last):
  File "/home/student/Desktop/moduleHub/ModuleHub/venv/lib/python3.10/site-packages/django/template/base.py", line 891, in _resolve_lookup
    current = current[bit]
  File "/home/student/Desktop/moduleHub/ModuleHub/venv/lib/python3.10/site-packages/django/db/models/query.py", line 404, in __getitem__
    raise TypeError(
TypeError: QuerySet indices must be integers or slices, not str.

During handling of the above exception, another exception occurred:

Traceback (most recent call last):
  File "/home/student/Desktop/moduleHub/ModuleHub/venv/lib/python3.10/site-packages/django/template/base.py", line 901, in _resolve_lookup
    current = getattr(current, bit)
AttributeError: 'QuerySet' object has no attribute 'has_other_pages'

During handling of the above exception, another exception occurred:

Traceback (most recent call last):
  File "/home/student/Desktop/moduleHub/ModuleHub/venv/lib/python3.10/site-packages/django/template/base.py", line 907, in _resolve_lookup
    current = current[int(bit)]
ValueError: invalid literal for int() with base 10: 'has_other_pages'

During handling of the above exception, another exception occurred:

Traceback (most recent call last):
  File "/home/student/Desktop/moduleHub/ModuleHub/venv/lib/python3.10/site-packages/django/template/base.py", line 914, in _resolve_lookup
    raise VariableDoesNotExist(
django.template.base.VariableDoesNotExist: Failed lookup for key [has_other_pages] in <QuerySet [<Group: computer science>, <Group: Cyber Security>, <Group: Data Science>]>
"GET // HTTP/1.1" 200 14082
File /home/student/Desktop/moduleHub/ModuleHub/venv/lib/python3.10/site-packages/django/contrib/messages/context_processors.py first seen with mtime 1756114604.1880317
File /home/student/Desktop/moduleHub/ModuleHub/venv/lib/python3.10/site-packages/django/contrib/auth/context_processors.py first seen with mtime 1756114603.9300237
File /home/student/Desktop/moduleHub/ModuleHub/venv/lib/python3.10/site-packages/django/template/context_processors.py first seen with mtime 1756114604.4550397
Exception while resolving variable 'profile' in template 'core/home.html'.
Traceback (most recent call last):
  File "/home/student/Desktop/moduleHub/ModuleHub/venv/lib/python3.10/site-packages/django/template/base.py", line 890, in _resolve_lookup
    raise TypeError
TypeError

During handling of the above exception, another exception occurred:

Traceback (most recent call last):
  File "/home/student/Desktop/moduleHub/ModuleHub/venv/lib/python3.10/site-packages/django/template/base.py", line 901, in _resolve_lookup
    current = getattr(current, bit)
  File "/home/student/Desktop/moduleHub/ModuleHub/venv/lib/python3.10/site-packages/django/db/models/fields/related_descriptors.py", line 534, in __get__
    raise self.RelatedObjectDoesNotExist(
django.contrib.auth.models.Group.profile.RelatedObjectDoesNotExist: Group has no profile.
Exception while resolving variable 'profile' in template 'core/home.html'.
Traceback (most recent call last):
  File "/home/student/Desktop/moduleHub/ModuleHub/venv/lib/python3.10/site-packages/django/template/base.py", line 890, in _resolve_lookup
    raise TypeError
TypeError

During handling of the above exception, another exception occurred:

Traceback (most recent call last):
  File "/home/student/Desktop/moduleHub/ModuleHub/venv/lib/python3.10/site-packages/django/template/base.py", line 901, in _resolve_lookup
    current = getattr(current, bit)
  File "/home/student/Desktop/moduleHub/ModuleHub/venv/lib/python3.10/site-packages/django/db/models/fields/related_descriptors.py", line 534, in __get__
    raise self.RelatedObjectDoesNotExist(
django.contrib.auth.models.Group.profile.RelatedObjectDoesNotExist: Group has no profile.
Exception while resolving variable 'profile' in template 'core/home.html'.
Traceback (most recent call last):
  File "/home/student/Desktop/moduleHub/ModuleHub/venv/lib/python3.10/site-packages/django/template/base.py", line 890, in _resolve_lookup
    raise TypeError
TypeError

During handling of the above exception, another exception occurred:

Traceback (most recent call last):
  File "/home/student/Desktop/moduleHub/ModuleHub/venv/lib/python3.10/site-packages/django/template/base.py", line 901, in _resolve_lookup
    current = getattr(current, bit)
  File "/home/student/Desktop/moduleHub/ModuleHub/venv/lib/python3.10/site-packages/django/db/models/fields/related_descriptors.py", line 534, in __get__
    raise self.RelatedObjectDoesNotExist(
django.contrib.auth.models.Group.profile.RelatedObjectDoesNotExist: Group has no profile.
Exception while resolving variable 'profile' in template 'core/home.html'.
Traceback (most recent call last):
  File "/home/student/Desktop/moduleHub/ModuleHub/venv/lib/python3.10/site-packages/django/template/base.py", line 890, in _resolve_lookup
    raise TypeError
TypeError

During handling of the above exception, another exception occurred:

Traceback (most recent call last):
  File "/home/student/Desktop/moduleHub/ModuleHub/venv/lib/python3.10/site-packages/django/template/base.py", line 901, in _resolve_lookup
    current = getattr(current, bit)
  File "/home/student/Desktop/moduleHub/ModuleHub/venv/lib/python3.10/site-packages/django/db/models/fields/related_descriptors.py", line 534, in __get__
    raise self.RelatedObjectDoesNotExist(
django.contrib.auth.models.Group.profile.RelatedObjectDoesNotExist: Group has no profile.
Exception while resolving variable 'has_other_pages' in template 'core/home.html'.
Traceback (most recent call last):
  File "/home/student/Desktop/moduleHub/ModuleHub/venv/lib/python3.10/site-packages/django/template/base.py", line 891, in _resolve_lookup
    current = current[bit]
  File "/home/student/Desktop/moduleHub/ModuleHub/venv/lib/python3.10/site-packages/django/db/models/query.py", line 404, in __getitem__
    raise TypeError(
TypeError: QuerySet indices must be integers or slices, not str.

During handling of the above exception, another exception occurred:

Traceback (most recent call last):
  File "/home/student/Desktop/moduleHub/ModuleHub/venv/lib/python3.10/site-packages/django/template/base.py", line 901, in _resolve_lookup
    current = getattr(current, bit)
AttributeError: 'QuerySet' object has no attribute 'has_other_pages'

During handling of the above exception, another exception occurred:

Traceback (most recent call last):
  File "/home/student/Desktop/moduleHub/ModuleHub/venv/lib/python3.10/site-packages/django/template/base.py", line 907, in _resolve_lookup
    current = current[int(bit)]
ValueError: invalid literal for int() with base 10: 'has_other_pages'

During handling of the above exception, another exception occurred:

Traceback (most recent call last):
  File "/home/student/Desktop/moduleHub/ModuleHub/venv/lib/python3.10/site-packages/django/template/base.py", line 914, in _resolve_lookup
    raise VariableDoesNotExist(
django.template.base.VariableDoesNotExist: Failed lookup for key [has_other_pages] in <QuerySet [<Group: computer science>, <Group: Cyber Security>, <Group: Data Science>]>
"GET // HTTP/1.1" 200 14082
File /home/student/Desktop/moduleHub/ModuleHub/moduleHub/settings.py previous mtime: 1756144620.3186274, current mtime: 1756145623.9432464
/home/student/Desktop/moduleHub/ModuleHub/moduleHub/settings.py notified as changed. Signal results: [(<function template_changed at 0x7df196c1bac0>, None), (<function translation_file_changed at 0x7df196587910>, None)].
/home/student/Desktop/moduleHub/ModuleHub/moduleHub/settings.py changed, reloading.
